-------------------------------------------
Time: 2019-11-01 00:19:37
-------------------------------------------

-------------------------------------------
Time: 2019-11-01 00:19:38
-------------------------------------------
('WorldCup', 660)
('worldcup', 67)
('FRA', 59)
...

-------------------------------------------
Time: 2019-11-01 00:19:39
-------------------------------------------
('WorldCup', 346)
('worldcup', 49)
('CRO', 38)
...

-------------------------------------------
Time: 2019-11-01 00:19:40
-------------------------------------------
('WorldCup', 348)
('worldcup', 41)
('ESPRUS', 33)
...

-------------------------------------------
Time: 2019-11-01 00:19:41
-------------------------------------------
('WorldCup', 328)
('worldcup', 37)
('RUS', 34)
...

-------------------------------------------
Time: 2019-11-01 00:19:42
-------------------------------------------

-------------------------------------------
Time: 2019-11-01 00:19:43
-------------------------------------------
('WorldCup', 361)
('worldcup', 30)
('ESPRUS', 26)
...

-------------------------------------------
Time: 2019-11-01 00:19:44
-------------------------------------------
('WorldCup', 339)
('worldcup', 45)
('RUS', 39)
...

-------------------------------------------
Time: 2019-11-01 00:19:45
-------------------------------------------
('WorldCup', 336)
('DEN', 49)
('worldcup', 47)
...

-------------------------------------------
Time: 2019-11-01 00:19:46
-------------------------------------------
('WorldCup', 376)
('CRO', 22)
('ESPRUS', 22)
...

-------------------------------------------
Time: 2019-11-01 00:19:47
-------------------------------------------
('WorldCup', 694)
('worldcup', 57)
('CRO', 50)
...

-------------------------------------------
Time: 2019-11-01 00:19:48
-------------------------------------------
('WorldCup', 349)
('worldcup', 31)
('ESPRUS', 20)
...

-------------------------------------------
Time: 2019-11-01 00:19:49
-------------------------------------------

-------------------------------------------
Time: 2019-11-01 00:19:50
-------------------------------------------
('WorldCup', 390)
('ESPRUS', 21)
('RUS', 21)
...

-------------------------------------------
Time: 2019-11-01 00:19:51
-------------------------------------------
('WorldCup', 353)
('CRO', 29)
('ESPRUS', 26)
...

-------------------------------------------
Time: 2019-11-01 00:19:52
-------------------------------------------
('WorldCup', 368)
('CRO', 25)
('ESPRUS', 23)
...

-------------------------------------------
Time: 2019-11-01 00:19:53
-------------------------------------------
('WorldCup', 374)
('CRO', 34)
('worldcup', 23)
...

-------------------------------------------
Time: 2019-11-01 00:19:54
-------------------------------------------
('WorldCup', 380)
('CRO', 41)
('worldcup', 30)
...

-------------------------------------------
Time: 2019-11-01 00:19:55
-------------------------------------------
('WorldCup', 387)
('CRO', 36)
('CRODEN', 34)
...

-------------------------------------------
Time: 2019-11-01 00:19:56
-------------------------------------------
('WorldCup', 378)
('CRODEN', 30)
('worldcup', 27)
...

-------------------------------------------
Time: 2019-11-01 00:19:57
-------------------------------------------
('WorldCup', 384)
('CRO', 24)
('ESPRUS', 22)
...

-------------------------------------------
Time: 2019-11-01 00:19:58
-------------------------------------------

-------------------------------------------
Time: 2019-11-01 00:19:59
-------------------------------------------

-------------------------------------------
Time: 2019-11-01 00:20:00
-------------------------------------------

-------------------------------------------
Time: 2019-11-01 00:20:01
-------------------------------------------

-------------------------------------------
Time: 2019-11-01 00:20:02
-------------------------------------------

