-------------------------------------------
Time: 2019-10-31 20:50:07
-------------------------------------------
('WorldCup', 340)
('POR', 9)
('ENG', 12)
('PowerByEXO', 2)
('XiuminLeague', 1)
('worldcup', 25)
('NBA', 7)
('MLB', 6)
('PGA', 5)
('WORLDCUP', 5)
...

WorldCup,ESPRUS,ESP,worldcup,CRODEN
-------------------------------------------
Time: 2019-10-31 20:50:08
-------------------------------------------
('WorldCup', 660)
('POR', 30)
('ENG', 16)
('PowerByEXO', 3)
('XiuminLeague', 1)
('worldcup', 67)
('NBA', 7)
('MLB', 6)
('PGA', 5)
('WORLDCUP', 5)
...

WorldCup,worldcup,FRA,RUS,CRO
-------------------------------------------
Time: 2019-10-31 20:50:09
-------------------------------------------
('Last16', 1)
('WorldCup', 666)
('Russia2018', 4)
('Rusia2018', 38)
('CRO', 73)
('Last8', 1)
('POR', 26)
('ENG', 10)
('GER', 7)
('ARG', 27)
...

WorldCup,worldcup,FRA,CRO,RUS
-------------------------------------------
Time: 2019-10-31 20:50:10
-------------------------------------------
('WorldCup', 694)
('ESPRUS', 55)
('WorldCup2018', 14)
('BRAMEX', 2)
('CinderellaStories', 3)
('CRODEN', 31)
('Lebron', 4)
('trending', 3)
('Mexico', 9)
('DEN', 60)
...

WorldCup,worldcup,CRO,DEN,RUS
-------------------------------------------
Time: 2019-10-31 20:50:11
-------------------------------------------
('Escort', 28)
('CostaRica', 28)
('worldcup', 78)
('Rusia2018', 32)
('DEN', 54)
('CRO', 59)
('news', 27)
('Bitcoin', 27)
('DatingService', 27)
('Relationships', 27)
...

WorldCup,worldcup,ESPRUS,RUS,CRO
-------------------------------------------
Time: 2019-10-31 20:50:12
-------------------------------------------
('WorldCup', 689)
('ESPRUS', 57)
('WorldCup2018', 7)
('TSWorldCup', 1)
('NadaNosDetiene', 19)
('worldcup', 67)
('CRODEN', 31)
('Ronaldo', 18)
('DEN', 38)
('NFFCShow', 1)
...

WorldCup,worldcup,ESPRUS,RUS,ESP
-------------------------------------------
Time: 2019-10-31 20:50:13
-------------------------------------------
('ESPRUS', 56)
('REDTOGETHER', 7)
('WorldCup', 700)
('CRO', 52)
('BeProud', 17)
('CRODEN', 33)
('Family', 16)
('Vatreni', 15)
('Denmark', 13)
('Zagreb', 2)
...

WorldCup,worldcup,ESPRUS,RUS,CRO
-------------------------------------------
Time: 2019-10-31 20:50:14
-------------------------------------------
('WorldCup', 675)
('UCL', 7)
('worldcup', 92)
('CRO', 85)
('BeProud', 16)
('CRODEN', 42)
('Family', 16)
('Vatreni', 15)
('DEN', 87)
('Denmark', 6)
...

WorldCup,worldcup,DEN,CRO,RUS
-------------------------------------------
Time: 2019-10-31 20:50:15
-------------------------------------------
('WorldCup', 712)
('worldcup', 64)
('Mufc', 8)
('HalfJoking', 1)
('ButKindOfSerious', 1)
('LFC', 1)
('ESPRUS', 47)
('DEN', 63)
('Ronaldo', 22)
('WorldCup18', 4)
...

WorldCup,CRO,worldcup,DEN,RUS
-------------------------------------------
Time: 2019-10-31 20:50:16
-------------------------------------------
('WorldCup', 723)
('CRO', 48)
('DEN', 24)
('CRODEN', 31)
('Vatreni', 5)
('BeProud', 4)
('ESPRUS', 48)
('Esp', 8)
('Rus', 8)
('Den', 12)
...

WorldCup,CRO,ESP,ESPRUS,RUS
-------------------------------------------
Time: 2019-10-31 20:50:17
-------------------------------------------
('CRO', 50)
('WorldCup', 694)
('URUPOR', 5)
('Iniesta', 2)
('CRODEN', 31)
('ESPRUS', 36)
('worldcup', 57)
('MOTM', 6)
('ForDanmark', 1)
('ARG', 12)
...

WorldCup,worldcup,CRO,ESP,RUS
-------------------------------------------
Time: 2019-10-31 20:50:18
-------------------------------------------
('ENG', 12)
('ThreeLions', 4)
('WorldCup', 696)
('penalty', 2)
('quarterfinal', 1)
('tournament', 1)
('worldcup', 65)
('france', 2)
('makeupbeginner', 2)
('Ronaldo', 19)
...

WorldCup,worldcup,CRO,ESP,ESPRUS
-------------------------------------------
Time: 2019-10-31 20:50:19
-------------------------------------------
('Argentina', 1)
('France', 3)
('WorldCup', 739)
('worldcup', 51)
('Drita', 1)
('TreFiori', 1)
('DisgustingHypocrites', 1)
('dontforgetaboutus', 1)
('fbf', 1)
('IMMIGRANTS', 2)
...

WorldCup,worldcup,ESPRUS,ESP,CRO
-------------------------------------------
Time: 2019-10-31 20:50:20
-------------------------------------------
('WorldCup', 743)
('BREAKING', 2)
('ESPRUS', 47)
('GER', 3)
('ARG', 10)
('POR', 12)
('ENG', 7)
('Denmark', 9)
('CRO', 48)
('DEN', 35)
...

WorldCup,CRO,ESPRUS,ESP,worldcup
-------------------------------------------
Time: 2019-10-31 20:50:21
-------------------------------------------
('WorldCup', 721)
('NorthernIreland', 2)
('CRODEN', 40)
('BRAMEX', 2)
('CRO', 54)
('BeProud', 12)
('Family', 11)
('Vatreni', 11)
('ESPRUS', 49)
('worldcup', 38)
...

WorldCup,CRO,ESPRUS,CRODEN,worldcup
-------------------------------------------
Time: 2019-10-31 20:50:22
-------------------------------------------
('Worldcup', 5)
('beljpn', 1)
('WorldCup', 742)
('ESPRUS', 43)
('CRO', 59)
('FIFA18', 1)
('match', 1)
('bettingexpert', 1)
('scommesse', 1)
('winner', 1)
...

WorldCup,CRO,ESPRUS,worldcup,CRODEN
-------------------------------------------
Time: 2019-10-31 20:50:23
-------------------------------------------
('WorldCup', 754)
('ForcaPortugal', 1)
('EuropeanChampions', 1)
('CRO', 75)
('worldcup', 53)
('Rus', 1)
('Esp', 1)
('wc18gr', 2)
('CRODEN', 49)
('Worldcup', 6)
...

WorldCup,CRO,worldcup,CRODEN,DEN
-------------------------------------------
Time: 2019-10-31 20:50:24
-------------------------------------------
('WorldCup', 767)
('ESPRUS', 45)
('DEN', 52)
('CFC', 1)
('ENG', 19)
('CRO', 77)
('tag', 1)
('movie', 1)
('cinema', 1)
('funtimes', 1)
...

WorldCup,CRO,CRODEN,worldcup,DEN
-------------------------------------------
Time: 2019-10-31 20:50:25
-------------------------------------------
('WorldCup', 765)
('WORLDCUP', 3)
('croden', 2)
('worldcup', 53)
('cro', 3)
('Denmark', 7)
('Worldcup', 10)
('Russia2018', 7)
('Rusia2018', 5)
('Dinamarca', 3)
...

WorldCup,CRODEN,CRO,worldcup,ESPRUS
-------------------------------------------
Time: 2019-10-31 20:50:26
-------------------------------------------
('WorldCup', 762)
('Ronaldo', 20)
('Worldcup', 11)
('Mufc', 5)
('INDIGENOUS', 1)
('UN', 1)
('Australia', 1)
('Strasbourgh', 1)
('Ger', 1)
('Greece', 1)
...

WorldCup,CRO,CRODEN,worldcup,ESPRUS
-------------------------------------------
Time: 2019-10-31 20:50:27
-------------------------------------------
('WorldCup', 384)
('football', 16)
('MOTM', 18)
('CRO', 24)
('DEN', 16)
('worldcup', 19)
('CRODEN', 17)
('DenmarkCroatia', 1)
('Denmark', 1)
('Worldcup', 4)
...

WorldCup,CRO,ESPRUS,worldcup,ESP
-------------------------------------------
Time: 2019-10-31 20:50:28
-------------------------------------------

-------------------------------------------
Time: 2019-10-31 20:50:29
-------------------------------------------

-------------------------------------------
Time: 2019-10-31 20:50:30
-------------------------------------------

