WorldCup,ESPRUS,ESP,worldcup,CRODEN
WorldCup,worldcup,FRA,RUS,CRO
WorldCup,worldcup,CRO,FRA,RUS
WorldCup,worldcup,CRO,RUS,DEN
WorldCup,worldcup,ESPRUS,RUS,ESP
WorldCup,worldcup,ESPRUS,ESP,CRODEN
WorldCup,worldcup,RUS,CRO,DEN
WorldCup,worldcup,DEN,CRO,RUS
WorldCup,CRO,worldcup,DEN,RUS
WorldCup,worldcup,CRO,ESP,ESPRUS
WorldCup,worldcup,CRO,ESP,ESPRUS
WorldCup,worldcup,ESPRUS,ESP,CRODEN
WorldCup,ESP,ESPRUS,RUS,worldcup
WorldCup,CRO,ESPRUS,ESP,worldcup
WorldCup,CRO,ESPRUS,CRODEN,worldcup
WorldCup,CRO,ESPRUS,worldcup,CRODEN
WorldCup,CRO,worldcup,CRODEN,DEN
WorldCup,CRO,CRODEN,worldcup,DEN
WorldCup,CRODEN,CRO,worldcup,ESPRUS
WorldCup,CRO,CRODEN,worldcup,ESPRUS
WorldCup,CRO,ESPRUS,worldcup,ESP
