-------------------------------------------
Time: 2019-11-01 13:35:15
-------------------------------------------
('WorldCup', 246)
('PowerByEXO', 2)
('worldcup', 17)
('', 97)
('CRODEN', 6)
('airdrop', 2)
('SaveTimeless', 1)
('Iniesta', 1)
('Robinhood', 1)
('ESPRUS', 10)
...

-------------------------------------------
Time: 2019-11-01 13:35:16
-------------------------------------------
('WorldCup', 474)
('PowerByEXO', 3)
('worldcup', 31)
('', 187)
('CRODEN', 12)
('airdrop', 2)
('SaveTimeless', 1)
('Iniesta', 1)
('Robinhood', 1)
('ESPRUS', 19)
...

-------------------------------------------
Time: 2019-11-01 13:35:17
-------------------------------------------
('POR', 1)
('WorldCup', 484)
('CRO', 14)
('', 172)
('MOTM', 5)
('CRODEN', 11)
('ESPRUS', 16)
('Sushi', 1)
('DEN', 9)
('CroatiavDenmark', 1)
...

-------------------------------------------
Time: 2019-11-01 13:35:18
-------------------------------------------
('WorldCup', 500)
('', 159)
('ESPRUS', 27)
('Lebron', 4)
('Mexico', 2)
('DEN', 10)
('worldcup', 43)
('nesberry', 1)
('PowerByEXO', 2)
('Ronaldo', 2)
...

-------------------------------------------
Time: 2019-11-01 13:35:19
-------------------------------------------
('Escort', 28)
('WorldCup', 478)
('ESPRUS', 30)
('', 184)
('CRODEN', 12)
('MOTM', 1)
('DEN', 10)
('worldcup', 36)
('PowerByEXO', 6)
('MfanaComedy', 4)
...

-------------------------------------------
Time: 2019-11-01 13:35:20
-------------------------------------------
('', 194)
('WorldCup', 479)
('ESPRUS', 18)
('TSWorldCup', 1)
('NadaNosDetiene', 19)
('worldcup', 35)
('CRODEN', 11)
('DEN', 8)
('sports', 1)
('PowerByEXO', 8)
...

-------------------------------------------
Time: 2019-11-01 13:35:21
-------------------------------------------
('WorldCup', 473)
('', 174)
('Zagreb', 2)
('Argentina', 2)
('ESPRUS', 20)
('UCL', 10)
('NadaNosDetiene', 16)
('worldcup', 31)
('DEN', 12)
('mufc', 3)
...

-------------------------------------------
Time: 2019-11-01 13:35:22
-------------------------------------------
('WorldCup', 468)
('', 173)
('UCL', 7)
('CRO', 16)
('DEN', 17)
('ESPRUS', 25)
('Maradona', 1)
('GoalOfTheDay', 5)
('NadaNosDetiene', 15)
('PowerByEXO', 5)
...

-------------------------------------------
Time: 2019-11-01 13:35:23
-------------------------------------------
('WorldCup', 502)
('', 172)
('HalfJoking', 1)
('DEN', 16)
('NadaNosDetiene', 21)
('CRO', 18)
('CRODEN', 9)
('ARG', 4)
('Akinfeev', 1)
('Argentina', 2)
...

-------------------------------------------
Time: 2019-11-01 13:35:24
-------------------------------------------
('WorldCup', 470)
('ESPRUS', 26)
('DEN', 8)
('Esp', 7)
('', 184)
('ThreeLions', 2)
('CRO', 22)
('WalkAway', 3)
('worldcup', 26)
('NadaNosDetiene', 29)
...

-------------------------------------------
Time: 2019-11-01 13:35:25
-------------------------------------------
('', 203)
('CRO', 23)
('WorldCup', 460)
('Iniesta', 2)
('CRODEN', 14)
('MOTM', 6)
('NadaNosDetiene', 27)
('Worldcup', 2)
('sparus', 2)
('WalkAway', 2)
...

-------------------------------------------
Time: 2019-11-01 13:35:26
-------------------------------------------
('ENG', 3)
('WorldCup', 501)
('', 200)
('worldcup', 37)
('ESPRUS', 9)
('happynewmonth', 1)
('AHS8', 1)
('Wimbledon', 1)
('NadaNosDetiene', 11)
('CRODEN', 8)
...

