-------------------------------------------
Time: 2019-11-01 13:47:10
-------------------------------------------
('WorldCup', 340)
('ESPRUS', 26)
('ESP', 25)
('worldcup', 25)
('CRODEN', 20)
...

WorldCup,ESPRUS,ESP,worldcup,CRODEN
-------------------------------------------
Time: 2019-11-01 13:47:12
-------------------------------------------
('WorldCup', 666)
('worldcup', 91)
('FRA', 74)
('CRO', 73)
('RUS', 67)
...

WorldCup,worldcup,FRA,CRO,RUS
-------------------------------------------
Time: 2019-11-01 13:47:14
-------------------------------------------
('WorldCup', 676)
('worldcup', 78)
('ESPRUS', 64)
('RUS', 61)
('CRO', 59)
...

WorldCup,worldcup,ESPRUS,RUS,CRO
-------------------------------------------
Time: 2019-11-01 13:47:16
-------------------------------------------
('WorldCup', 700)
('worldcup', 75)
('ESPRUS', 56)
('RUS', 56)
('CRO', 52)
...

WorldCup,worldcup,ESPRUS,RUS,CRO
-------------------------------------------
Time: 2019-11-01 13:47:18
-------------------------------------------
('WorldCup', 712)
('CRO', 69)
('worldcup', 64)
('DEN', 63)
('RUS', 54)
...

WorldCup,CRO,worldcup,DEN,RUS
-------------------------------------------
Time: 2019-11-01 13:47:20
-------------------------------------------
('WorldCup', 694)
('worldcup', 57)
('CRO', 50)
('ESP', 45)
('RUS', 38)
...

WorldCup,worldcup,CRO,ESP,RUS
-------------------------------------------
Time: 2019-11-01 13:47:22
-------------------------------------------
('WorldCup', 739)
('worldcup', 51)
('ESPRUS', 41)
('ESP', 39)
('CRO', 35)
...

WorldCup,worldcup,ESPRUS,ESP,CRO
-------------------------------------------
Time: 2019-11-01 13:47:24
-------------------------------------------
('WorldCup', 721)
('CRO', 54)
('ESPRUS', 49)
('CRODEN', 40)
('worldcup', 38)
...

WorldCup,CRO,ESPRUS,CRODEN,worldcup
-------------------------------------------
Time: 2019-11-01 13:47:26
-------------------------------------------
('WorldCup', 754)
('CRO', 75)
('worldcup', 53)
('CRODEN', 49)
('DEN', 48)
...

WorldCup,CRO,worldcup,CRODEN,DEN
-------------------------------------------
Time: 2019-11-01 13:47:28
-------------------------------------------
('WorldCup', 765)
('CRODEN', 64)
('CRO', 62)
('worldcup', 53)
('ESPRUS', 47)
...

WorldCup,CRODEN,CRO,worldcup,ESPRUS
-------------------------------------------
Time: 2019-11-01 13:47:30
-------------------------------------------
('WorldCup', 384)
('CRO', 24)
('ESPRUS', 22)
('worldcup', 19)
('ESP', 18)
...

WorldCup,CRO,ESPRUS,worldcup,ESP
-------------------------------------------
Time: 2019-11-01 13:47:32
-------------------------------------------

-------------------------------------------
Time: 2019-11-01 13:47:34
-------------------------------------------

