----------=========- 2019-11-02 10:29:06 -=========----------
+--------+-----+
|Hashtags|count|
+--------+-----+
|WorldCup|  474|
|     FRA|   35|
|worldcup|   31|
|  ESPRUS|   19|
|  Escort|   16|
+--------+-----+
only showing top 5 rows

----------=========- 2019-11-02 10:29:08 -=========----------
+--------+-----+
|Hashtags|count|
+--------+-----+
|WorldCup|  974|
|worldcup|   74|
|  Escort|   52|
|     FRA|   50|
|  ESPRUS|   46|
+--------+-----+
only showing top 5 rows

----------=========- 2019-11-02 10:29:10 -=========----------
+--------+-----+
|Hashtags|count|
+--------+-----+
|WorldCup| 1453|
|worldcup|  109|
|     FRA|   71|
|  Escort|   65|
|  ESPRUS|   64|
+--------+-----+
only showing top 5 rows

----------=========- 2019-11-02 10:29:12 -=========----------
+--------+-----+
|Hashtags|count|
+--------+-----+
|WorldCup| 1921|
|worldcup|  132|
|  Escort|  115|
|  ESPRUS|   89|
|     FRA|   86|
+--------+-----+
only showing top 5 rows

----------=========- 2019-11-02 10:29:14 -=========----------
+--------+-----+
|Hashtags|count|
+--------+-----+
|WorldCup| 2391|
|worldcup|  158|
|  ESPRUS|  115|
|  Escort|  115|
|     FRA|  101|
+--------+-----+
only showing top 5 rows

----------=========- 2019-11-02 10:29:16 -=========----------
+--------+-----+
|Hashtags|count|
+--------+-----+
|WorldCup| 2892|
|worldcup|  195|
|  ESPRUS|  124|
|     FRA|  116|
|  Escort|  115|
+--------+-----+
only showing top 5 rows

----------=========- 2019-11-02 10:29:18 -=========----------
+--------+-----+
|Hashtags|count|
+--------+-----+
|WorldCup| 3430|
|worldcup|  220|
|  ESPRUS|  142|
|     FRA|  134|
|     CRO|  123|
+--------+-----+
only showing top 5 rows

----------=========- 2019-11-02 10:29:20 -=========----------
+--------+-----+
|Hashtags|count|
+--------+-----+
|WorldCup| 3957|
|worldcup|  243|
|  ESPRUS|  160|
|     CRO|  154|
|     FRA|  152|
+--------+-----+
only showing top 5 rows

----------=========- 2019-11-02 10:29:22 -=========----------
+--------+-----+
|Hashtags|count|
+--------+-----+
|WorldCup| 4499|
|worldcup|  271|
|     CRO|  190|
|  ESPRUS|  186|
|     FRA|  166|
+--------+-----+
only showing top 5 rows

----------=========- 2019-11-02 10:29:24 -=========----------
+--------+-----+
|Hashtags|count|
+--------+-----+
|WorldCup| 5020|
|worldcup|  301|
|     CRO|  217|
|  ESPRUS|  206|
|     FRA|  183|
+--------+-----+
only showing top 5 rows

----------=========- 2019-11-02 10:29:26 -=========----------
+--------+-----+
|Hashtags|count|
+--------+-----+
|WorldCup| 5020|
|worldcup|  301|
|     CRO|  217|
|  ESPRUS|  206|
|     FRA|  183|
+--------+-----+
only showing top 5 rows

----------=========- 2019-11-02 10:29:28 -=========----------
+--------+-----+
|Hashtags|count|
+--------+-----+
|WorldCup| 5020|
|worldcup|  301|
|     CRO|  217|
|  ESPRUS|  206|
|     FRA|  183|
+--------+-----+
only showing top 5 rows

----------=========- 2019-11-02 10:29:30 -=========----------
+--------+-----+
|Hashtags|count|
+--------+-----+
|WorldCup| 5020|
|worldcup|  301|
|     CRO|  217|
|  ESPRUS|  206|
|     FRA|  183|
+--------+-----+
only showing top 5 rows

----------=========- 2019-11-02 10:29:32 -=========----------
+--------+-----+
|Hashtags|count|
+--------+-----+
|WorldCup| 5020|
|worldcup|  301|
|     CRO|  217|
|  ESPRUS|  206|
|     FRA|  183|
+--------+-----+
only showing top 5 rows

----------=========- 2019-11-02 10:29:34 -=========----------
+--------+-----+
|Hashtags|count|
+--------+-----+
|WorldCup| 5020|
|worldcup|  301|
|     CRO|  217|
|  ESPRUS|  206|
|     FRA|  183|
+--------+-----+
only showing top 5 rows

----------=========- 2019-11-02 10:29:36 -=========----------
+--------+-----+
|Hashtags|count|
+--------+-----+
|WorldCup| 5020|
|worldcup|  301|
|     CRO|  217|
|  ESPRUS|  206|
|     FRA|  183|
+--------+-----+
only showing top 5 rows

----------=========- 2019-11-02 10:29:38 -=========----------
+--------+-----+
|Hashtags|count|
+--------+-----+
|WorldCup| 5020|
|worldcup|  301|
|     CRO|  217|
|  ESPRUS|  206|
|     FRA|  183|
+--------+-----+
only showing top 5 rows

----------=========- 2019-11-02 10:29:40 -=========----------
+--------+-----+
|Hashtags|count|
+--------+-----+
|WorldCup| 5020|
|worldcup|  301|
|     CRO|  217|
|  ESPRUS|  206|
|     FRA|  183|
+--------+-----+
only showing top 5 rows

----------=========- 2019-11-02 10:29:42 -=========----------
+--------+-----+
|Hashtags|count|
+--------+-----+
|WorldCup| 5020|
|worldcup|  301|
|     CRO|  217|
|  ESPRUS|  206|
|     FRA|  183|
+--------+-----+
only showing top 5 rows

----------=========- 2019-11-02 10:29:44 -=========----------
+--------+-----+
|Hashtags|count|
+--------+-----+
|WorldCup| 5020|
|worldcup|  301|
|     CRO|  217|
|  ESPRUS|  206|
|     FRA|  183|
+--------+-----+
only showing top 5 rows

----------=========- 2019-11-02 10:29:46 -=========----------
+--------+-----+
|Hashtags|count|
+--------+-----+
|WorldCup| 5020|
|worldcup|  301|
|     CRO|  217|
|  ESPRUS|  206|
|     FRA|  183|
+--------+-----+
only showing top 5 rows

----------=========- 2019-11-02 10:29:48 -=========----------
+--------+-----+
|Hashtags|count|
+--------+-----+
|WorldCup| 5020|
|worldcup|  301|
|     CRO|  217|
|  ESPRUS|  206|
|     FRA|  183|
+--------+-----+
only showing top 5 rows

----------=========- 2019-11-02 10:29:50 -=========----------
+--------+-----+
|Hashtags|count|
+--------+-----+
|WorldCup| 5020|
|worldcup|  301|
|     CRO|  217|
|  ESPRUS|  206|
|     FRA|  183|
+--------+-----+
only showing top 5 rows

----------=========- 2019-11-02 10:29:52 -=========----------
+--------+-----+
|Hashtags|count|
+--------+-----+
|WorldCup| 5020|
|worldcup|  301|
|     CRO|  217|
|  ESPRUS|  206|
|     FRA|  183|
+--------+-----+
only showing top 5 rows

----------=========- 2019-11-02 10:29:54 -=========----------
+--------+-----+
|Hashtags|count|
+--------+-----+
|WorldCup| 5020|
|worldcup|  301|
|     CRO|  217|
|  ESPRUS|  206|
|     FRA|  183|
+--------+-----+
only showing top 5 rows

----------=========- 2019-11-02 10:29:56 -=========----------
+--------+-----+
|Hashtags|count|
+--------+-----+
|WorldCup| 5020|
|worldcup|  301|
|     CRO|  217|
|  ESPRUS|  206|
|     FRA|  183|
+--------+-----+
only showing top 5 rows

----------=========- 2019-11-02 10:29:58 -=========----------
+--------+-----+
|Hashtags|count|
+--------+-----+
|WorldCup| 5020|
|worldcup|  301|
|     CRO|  217|
|  ESPRUS|  206|
|     FRA|  183|
+--------+-----+
only showing top 5 rows

----------=========- 2019-11-02 10:30:00 -=========----------
+--------+-----+
|Hashtags|count|
+--------+-----+
|WorldCup| 5020|
|worldcup|  301|
|     CRO|  217|
|  ESPRUS|  206|
|     FRA|  183|
+--------+-----+
only showing top 5 rows

----------=========- 2019-11-02 10:30:02 -=========----------
+--------+-----+
|Hashtags|count|
+--------+-----+
|WorldCup| 5020|
|worldcup|  301|
|     CRO|  217|
|  ESPRUS|  206|
|     FRA|  183|
+--------+-----+
only showing top 5 rows

----------=========- 2019-11-02 10:30:04 -=========----------
+--------+-----+
|Hashtags|count|
+--------+-----+
|WorldCup| 5020|
|worldcup|  301|
|     CRO|  217|
|  ESPRUS|  206|
|     FRA|  183|
+--------+-----+
only showing top 5 rows

