WorldCup,ESPRUS,worldcup,ESP,CRODEN
WorldCup,worldcup,ESPRUS,RUS,FRA
WorldCup,worldcup,FRA,CRO,RUS
WorldCup,worldcup,CRO,FRA,RUS
WorldCup,worldcup,CRO,RUS,ESPRUS
WorldCup,worldcup,ESPRUS,RUS,CRO
WorldCup,worldcup,ESPRUS,RUS,CRO
WorldCup,worldcup,DEN,CRO,RUS
WorldCup,worldcup,CRO,DEN,RUS
WorldCup,CRO,worldcup,ESPRUS,RUS
WorldCup,CRO,worldcup,ESP,ESPRUS
WorldCup,worldcup,CRO,ESP,ESPRUS
WorldCup,worldcup,CRO,ESP,ESPRUS
WorldCup,worldcup,ESPRUS,CRO,ESP
WorldCup,CRO,ESPRUS,worldcup,CRODEN
WorldCup,CRO,ESPRUS,worldcup,CRODEN
WorldCup,CRO,worldcup,CRODEN,ESPRUS
WorldCup,CRO,CRODEN,worldcup,DEN
WorldCup,CRO,CRODEN,worldcup,ESPRUS
WorldCup,CRO,CRODEN,worldcup,ESPRUS
WorldCup,CRO,worldcup,ESPRUS,CRODEN
WorldCup,CRO,ESPRUS,worldcup,MOTM
