WorldCup,ESPRUS,ESP,worldcup,CRODEN
WorldCup,FRA,worldcup,CRO,RUS
WorldCup,worldcup,CRO,DEN,RUS
WorldCup,worldcup,CRO,DEN,FRA
WorldCup,worldcup,ESPRUS,RUS,CRO
WorldCup,worldcup,ESPRUS,ESP,CRODEN
WorldCup,worldcup,RUS,CRO,DEN
WorldCup,DEN,CRO,worldcup,RUS
WorldCup,CRO,ESPRUS,ESP,worldcup
WorldCup,ESP,CRO,ESPRUS,RUS
WorldCup,CRO,worldcup,NadaNosDetiene,RUS
WorldCup,worldcup,worldcup2018,ESP,FRAARG
WorldCup,worldcup,ESPRUS,ESP,CRODEN
WorldCup,ESP,ESPRUS,RUS,worldcup
WorldCup,CRO,ESPRUS,CRODEN,DEN
WorldCup,CRO,ESPRUS,worldcup,CRODEN
WorldCup,CRO,worldcup,CRODEN,DEN
WorldCup,CRO,worldcup,DEN,CRODEN
WorldCup,CRO,CRODEN,ESPRUS,worldcup
WorldCup,CRODEN,worldcup,CRO,ESPRUS
WorldCup,CRO,ESPRUS,worldcup,ESP
