WorldCup,worldcup,ESP,ESPRUS,FRA
WorldCup,FRA,worldcup,ESPRUS,Escort
WorldCup,Escort,worldcup,FRA,ESPRUS
WorldCup,worldcup,Escort,ESPRUS,CRO
WorldCup,worldcup,ESPRUS,Escort,CRO
WorldCup,worldcup,FRA,ESP,NadaNosDetiene
WorldCup,worldcup,Escort,FRA,ESPRUS
WorldCup,Escort,ESPRUS,worldcup,DEN
WorldCup,ESPRUS,worldcup,Escort,NadaNosDetiene
WorldCup,NadaNosDetiene,ESP,ESPRUS,worldcup
WorldCup,worldcup,NadaNosDetiene,ESP,CRO
WorldCup,worldcup,CRO,FRA,ESP
WorldCup,worldcup,CRO,FRA,ESP
WorldCup,worldcup,CRO,ESPRUS,FRA
WorldCup,CRO,ESPRUS,FRAARG,worldcup
WorldCup,CRO,worldcup,ESPRUS,FRA
WorldCup,CRO,worldcup,MOTM,FRAARG
WorldCup,CRO,worldcup,ESPRUS,RUS
WorldCup,CRO,worldcup,ESPRUS,CRODEN
WorldCup,worldcup,MOTM,CRO,ESPRUS
WorldCup,MOTM,CRO,ESPRUS,worldcup
