CRODEN,ESP,ESPRUS,WorldCup,worldcup
CRO,FRA,RUS,WorldCup,worldcup
CRO,DEN,RUS,WorldCup,worldcup
CRO,DEN,ESPRUS,WorldCup,worldcup
CRO,ESPRUS,RUS,WorldCup,worldcup
CRODEN,ESP,ESPRUS,WorldCup,worldcup
CRO,DEN,RUS,WorldCup,worldcup
CRO,DEN,RUS,WorldCup,worldcup
CRO,ESP,ESPRUS,WorldCup,worldcup
CRO,ESP,ESPRUS,RUS,WorldCup
CRO,ESP,WorldCup,worldcup,worldcup2018
CRODEN,ESP,ESPRUS,WorldCup,worldcup
ESP,ESPRUS,RUS,WorldCup,worldcup
CRO,CRODEN,DEN,ESPRUS,WorldCup
CRO,CRODEN,ESPRUS,WorldCup,worldcup
CRO,CRODEN,ESPRUS,WorldCup,worldcup
CRO,CRODEN,DEN,WorldCup,worldcup
CRO,CRODEN,ESPRUS,WorldCup,worldcup
CRO,CRODEN,ESPRUS,WorldCup,worldcup
CRO,ESPRUS,MOTM,WorldCup,worldcup
