-------------------------------------------
Time: 2019-11-01 13:48:02
-------------------------------------------
('WorldCup', 340)
('ESPRUS', 26)
('ESP', 25)
('worldcup', 25)
('CRODEN', 20)
...

WorldCup,ESPRUS,ESP,worldcup,CRODEN
-------------------------------------------
Time: 2019-11-01 13:48:04
-------------------------------------------

-------------------------------------------
Time: 2019-11-01 13:48:06
-------------------------------------------
('WorldCup', 328)
('worldcup', 37)
('RUS', 34)
('ESPRUS', 31)
('CRO', 27)
...

WorldCup,worldcup,RUS,ESPRUS,CRO
-------------------------------------------
Time: 2019-11-01 13:48:08
-------------------------------------------

-------------------------------------------
Time: 2019-11-01 13:48:10
-------------------------------------------
('WorldCup', 376)
('CRO', 22)
('ESPRUS', 22)
('ESP', 18)
('worldcup', 17)
...

WorldCup,CRO,ESPRUS,ESP,worldcup
-------------------------------------------
Time: 2019-11-01 13:48:12
-------------------------------------------
('WorldCup', 347)
('worldcup', 34)
('CRO', 24)
('ESP', 15)
('RUS', 14)
...

WorldCup,worldcup,CRO,ESP,RUS
-------------------------------------------
Time: 2019-11-01 13:48:14
-------------------------------------------
('WorldCup', 390)
('ESP', 21)
('ESPRUS', 21)
('RUS', 21)
('worldcup', 20)
...

WorldCup,ESP,ESPRUS,RUS,worldcup
-------------------------------------------
Time: 2019-11-01 13:48:16
-------------------------------------------
('WorldCup', 368)
('CRO', 25)
('ESPRUS', 23)
('worldcup', 20)
('CRODEN', 18)
...

WorldCup,CRO,ESPRUS,worldcup,CRODEN
-------------------------------------------
Time: 2019-11-01 13:48:18
-------------------------------------------
('WorldCup', 380)
('CRO', 41)
('worldcup', 30)
('DEN', 28)
('CRODEN', 27)
...

WorldCup,CRO,worldcup,DEN,CRODEN
-------------------------------------------
Time: 2019-11-01 13:48:20
-------------------------------------------
('WorldCup', 378)
('CRODEN', 30)
('worldcup', 27)
('CRO', 26)
('ESPRUS', 21)
...

WorldCup,CRODEN,worldcup,CRO,ESPRUS
-------------------------------------------
Time: 2019-11-01 13:48:22
-------------------------------------------

-------------------------------------------
Time: 2019-11-01 13:48:24
-------------------------------------------

-------------------------------------------
Time: 2019-11-01 13:48:26
-------------------------------------------

