WorldCup,ESPRUS,worldcup,ESP,CRODEN
WorldCup,worldcup,CRO,RUS,FRA
WorldCup,worldcup,CRO,FRA,RUS
WorldCup,worldcup,ESPRUS,CRO,DEN
WorldCup,worldcup,RUS,ESPRUS,CRO
WorldCup,worldcup,ESPRUS,RUS,ESP
WorldCup,worldcup,ESPRUS,RUS,CRO
WorldCup,worldcup,CRO,DEN,RUS
WorldCup,CRO,worldcup,RUS,ESPRUS
WorldCup,worldcup,CRO,ESP,RUS
WorldCup,worldcup,CRO,ESP,ESPRUS
WorldCup,worldcup,ESPRUS,ESP,CRO
WorldCup,ESPRUS,RUS,ESP,worldcup
WorldCup,CRO,ESPRUS,CRODEN,DEN
WorldCup,CRO,ESPRUS,CRODEN,worldcup
WorldCup,CRO,ESPRUS,worldcup,CRODEN
WorldCup,CRO,worldcup,CRODEN,DEN
WorldCup,CRO,CRODEN,worldcup,DEN
WorldCup,CRODEN,CRO,worldcup,ESPRUS
WorldCup,CRO,CRODEN,worldcup,ESPRUS
WorldCup,CRO,ESPRUS,worldcup,MOTM
