----------=========- 2019-11-01 09:55:18 -=========----------
+--------+-----+
|Hashtags|count|
+--------+-----+
|WorldCup|  246|
|worldcup|   17|
|  ESPRUS|   10|
|     ESP|   10|
|     FRA|   10|
+--------+-----+
only showing top 5 rows

----------=========- 2019-11-01 09:55:20 -=========----------
+--------+-----+
|Hashtags|count|
+--------+-----+
|WorldCup|  730|
|worldcup|   52|
|     FRA|   41|
|  Escort|   37|
|  ESPRUS|   26|
+--------+-----+
only showing top 5 rows

----------=========- 2019-11-01 09:55:22 -=========----------
+--------+-----+
|Hashtags|count|
+--------+-----+
|WorldCup| 1208|
|worldcup|   88|
|  Escort|   65|
|     FRA|   58|
|  ESPRUS|   56|
+--------+-----+
only showing top 5 rows

----------=========- 2019-11-01 09:55:24 -=========----------
+--------+-----+
|Hashtags|count|
+--------+-----+
|WorldCup| 1681|
|worldcup|  119|
|  Escort|   91|
|     FRA|   80|
|  ESPRUS|   76|
+--------+-----+
only showing top 5 rows

----------=========- 2019-11-01 09:55:26 -=========----------
+--------+-----+
|Hashtags|count|
+--------+-----+
|WorldCup| 2183|
|worldcup|  144|
|  Escort|  115|
|  ESPRUS|  102|
|     FRA|   94|
+--------+-----+
only showing top 5 rows

----------=========- 2019-11-01 09:55:28 -=========----------
+--------+-----+
|Hashtags|count|
+--------+-----+
|WorldCup| 2643|
|worldcup|  178|
|  ESPRUS|  118|
|  Escort|  115|
|     FRA|  109|
+--------+-----+
only showing top 5 rows

----------=========- 2019-11-01 09:55:30 -=========----------
+--------+-----+
|Hashtags|count|
+--------+-----+
|WorldCup| 3182|
|worldcup|  210|
|  ESPRUS|  130|
|     FRA|  124|
|  Escort|  115|
+--------+-----+
only showing top 5 rows

----------=========- 2019-11-01 09:55:32 -=========----------
+--------+-----+
|Hashtags|count|
+--------+-----+
|WorldCup| 3687|
|worldcup|  229|
|  ESPRUS|  155|
|     FRA|  141|
|     CRO|  135|
+--------+-----+
only showing top 5 rows

----------=========- 2019-11-01 09:55:34 -=========----------
+--------+-----+
|Hashtags|count|
+--------+-----+
|WorldCup| 4224|
|worldcup|  260|
|     CRO|  174|
|  ESPRUS|  169|
|     FRA|  156|
+--------+-----+
only showing top 5 rows

----------=========- 2019-11-01 09:55:36 -=========----------
+--------+-----+
|Hashtags|count|
+--------+-----+
|WorldCup| 4763|
|worldcup|  290|
|     CRO|  205|
|  ESPRUS|  194|
|     FRA|  174|
+--------+-----+
only showing top 5 rows

----------=========- 2019-11-01 09:55:38 -=========----------
+--------+-----+
|Hashtags|count|
+--------+-----+
|WorldCup| 5020|
|worldcup|  301|
|     CRO|  217|
|  ESPRUS|  206|
|     FRA|  183|
+--------+-----+
only showing top 5 rows

----------=========- 2019-11-01 09:55:40 -=========----------
+--------+-----+
|Hashtags|count|
+--------+-----+
|WorldCup| 5020|
|worldcup|  301|
|     CRO|  217|
|  ESPRUS|  206|
|     FRA|  183|
+--------+-----+
only showing top 5 rows

----------=========- 2019-11-01 09:55:42 -=========----------
+--------+-----+
|Hashtags|count|
+--------+-----+
|WorldCup| 5020|
|worldcup|  301|
|     CRO|  217|
|  ESPRUS|  206|
|     FRA|  183|
+--------+-----+
only showing top 5 rows

----------=========- 2019-11-01 09:55:44 -=========----------
+--------+-----+
|Hashtags|count|
+--------+-----+
|WorldCup| 5020|
|worldcup|  301|
|     CRO|  217|
|  ESPRUS|  206|
|     FRA|  183|
+--------+-----+
only showing top 5 rows

----------=========- 2019-11-01 09:55:46 -=========----------
+--------+-----+
|Hashtags|count|
+--------+-----+
|WorldCup| 5020|
|worldcup|  301|
|     CRO|  217|
|  ESPRUS|  206|
|     FRA|  183|
+--------+-----+
only showing top 5 rows

----------=========- 2019-11-01 09:55:48 -=========----------
+--------+-----+
|Hashtags|count|
+--------+-----+
|WorldCup| 5020|
|worldcup|  301|
|     CRO|  217|
|  ESPRUS|  206|
|     FRA|  183|
+--------+-----+
only showing top 5 rows

----------=========- 2019-11-01 09:55:50 -=========----------
+--------+-----+
|Hashtags|count|
+--------+-----+
|WorldCup| 5020|
|worldcup|  301|
|     CRO|  217|
|  ESPRUS|  206|
|     FRA|  183|
+--------+-----+
only showing top 5 rows

----------=========- 2019-11-01 09:55:52 -=========----------
+--------+-----+
|Hashtags|count|
+--------+-----+
|WorldCup| 5020|
|worldcup|  301|
|     CRO|  217|
|  ESPRUS|  206|
|     FRA|  183|
+--------+-----+
only showing top 5 rows

----------=========- 2019-11-01 09:55:54 -=========----------
+--------+-----+
|Hashtags|count|
+--------+-----+
|WorldCup| 5020|
|worldcup|  301|
|     CRO|  217|
|  ESPRUS|  206|
|     FRA|  183|
+--------+-----+
only showing top 5 rows

----------=========- 2019-11-01 09:55:56 -=========----------
+--------+-----+
|Hashtags|count|
+--------+-----+
|WorldCup| 5020|
|worldcup|  301|
|     CRO|  217|
|  ESPRUS|  206|
|     FRA|  183|
+--------+-----+
only showing top 5 rows

----------=========- 2019-11-01 09:55:58 -=========----------
+--------+-----+
|Hashtags|count|
+--------+-----+
|WorldCup| 5020|
|worldcup|  301|
|     CRO|  217|
|  ESPRUS|  206|
|     FRA|  183|
+--------+-----+
only showing top 5 rows

----------=========- 2019-11-01 09:56:00 -=========----------
+--------+-----+
|Hashtags|count|
+--------+-----+
|WorldCup| 5020|
|worldcup|  301|
|     CRO|  217|
|  ESPRUS|  206|
|     FRA|  183|
+--------+-----+
only showing top 5 rows

----------=========- 2019-11-01 09:56:02 -=========----------
+--------+-----+
|Hashtags|count|
+--------+-----+
|WorldCup| 5020|
|worldcup|  301|
|     CRO|  217|
|  ESPRUS|  206|
|     FRA|  183|
+--------+-----+
only showing top 5 rows

----------=========- 2019-11-01 09:56:04 -=========----------
+--------+-----+
|Hashtags|count|
+--------+-----+
|WorldCup| 5020|
|worldcup|  301|
|     CRO|  217|
|  ESPRUS|  206|
|     FRA|  183|
+--------+-----+
only showing top 5 rows

----------=========- 2019-11-01 09:56:06 -=========----------
+--------+-----+
|Hashtags|count|
+--------+-----+
|WorldCup| 5020|
|worldcup|  301|
|     CRO|  217|
|  ESPRUS|  206|
|     FRA|  183|
+--------+-----+
only showing top 5 rows

----------=========- 2019-11-01 09:56:08 -=========----------
+--------+-----+
|Hashtags|count|
+--------+-----+
|WorldCup| 5020|
|worldcup|  301|
|     CRO|  217|
|  ESPRUS|  206|
|     FRA|  183|
+--------+-----+
only showing top 5 rows

----------=========- 2019-11-01 09:56:10 -=========----------
+--------+-----+
|Hashtags|count|
+--------+-----+
|WorldCup| 5020|
|worldcup|  301|
|     CRO|  217|
|  ESPRUS|  206|
|     FRA|  183|
+--------+-----+
only showing top 5 rows

----------=========- 2019-11-01 09:56:12 -=========----------
+--------+-----+
|Hashtags|count|
+--------+-----+
|WorldCup| 5020|
|worldcup|  301|
|     CRO|  217|
|  ESPRUS|  206|
|     FRA|  183|
+--------+-----+
only showing top 5 rows

----------=========- 2019-11-01 09:56:14 -=========----------
+--------+-----+
|Hashtags|count|
+--------+-----+
|WorldCup| 5020|
|worldcup|  301|
|     CRO|  217|
|  ESPRUS|  206|
|     FRA|  183|
+--------+-----+
only showing top 5 rows

----------=========- 2019-11-01 09:56:16 -=========----------
+--------+-----+
|Hashtags|count|
+--------+-----+
|WorldCup| 5020|
|worldcup|  301|
|     CRO|  217|
|  ESPRUS|  206|
|     FRA|  183|
+--------+-----+
only showing top 5 rows

