WorldCup,,ESPRUS,ESP,worldcup
WorldCup,,worldcup,FRA,RUS
WorldCup,,worldcup,FRA,CRO
WorldCup,,worldcup,CRO,DEN
WorldCup,,worldcup,ESPRUS,RUS
WorldCup,,worldcup,ESPRUS,RUS
WorldCup,,worldcup,ESPRUS,RUS
WorldCup,,worldcup,DEN,CRO
WorldCup,,CRO,worldcup,DEN
WorldCup,,CRO,ESP,ESPRUS
WorldCup,,worldcup,CRO,ESP
WorldCup,,worldcup,CRO,ESP
WorldCup,,worldcup,ESPRUS,ESP
WorldCup,,CRO,ESPRUS,ESP
WorldCup,,CRO,ESPRUS,CRODEN
WorldCup,,CRO,ESPRUS,worldcup
WorldCup,,CRO,worldcup,CRODEN
WorldCup,,CRO,CRODEN,worldcup
WorldCup,,CRODEN,CRO,worldcup
WorldCup,,CRO,CRODEN,worldcup
WorldCup,,CRO,ESPRUS,worldcup
