-------------------------------------------
Time: 2019-10-31 20:50:59
-------------------------------------------

-------------------------------------------
Time: 2019-10-31 20:51:00
-------------------------------------------
('WorldCup', 340)
('POR', 9)
('ENG', 12)
('PowerByEXO', 2)
('XiuminLeague', 1)
('worldcup', 25)
('NBA', 7)
('MLB', 6)
('PGA', 5)
('WORLDCUP', 5)
...

WorldCup,ESPRUS,ESP,worldcup,CRODEN
-------------------------------------------
Time: 2019-10-31 20:51:01
-------------------------------------------
('Last16', 1)
('WorldCup', 320)
('Russia2018', 2)
('Rusia2018', 17)
('CRO', 35)
('Last8', 1)
('POR', 21)
('ENG', 4)
('GER', 4)
('ARG', 24)
...

WorldCup,FRA,worldcup,CRO,RUS
-------------------------------------------
Time: 2019-10-31 20:51:02
-------------------------------------------
('WorldCup', 346)
('ESPRUS', 22)
('WorldCup2018', 7)
('BRAMEX', 2)
('CinderellaStories', 2)
('CRODEN', 20)
('Lebron', 3)
('trending', 3)
('Mexico', 4)
('DEN', 32)
...

WorldCup,worldcup,CRO,DEN,RUS
-------------------------------------------
Time: 2019-10-31 20:51:03
-------------------------------------------
('Escort', 15)
('CostaRica', 15)
('worldcup', 41)
('Rusia2018', 18)
('DEN', 28)
('CRO', 32)
('news', 15)
('Bitcoin', 15)
('DatingService', 15)
('Relationships', 15)
...

WorldCup,worldcup,ESPRUS,CRO,DEN
-------------------------------------------
Time: 2019-10-31 20:51:04
-------------------------------------------
('WorldCup', 328)
('ESPRUS', 31)
('WorldCup2018', 5)
('TSWorldCup', 1)
('NadaNosDetiene', 9)
('worldcup', 37)
('CRODEN', 13)
('Ronaldo', 10)
('DEN', 26)
('NFFCShow', 1)
...

WorldCup,worldcup,RUS,ESPRUS,CRO
-------------------------------------------
Time: 2019-10-31 20:51:05
-------------------------------------------
('ESPRUS', 26)
('REDTOGETHER', 2)
('WorldCup', 361)
('CRO', 14)
('BeProud', 9)
('CRODEN', 18)
('Family', 8)
('Vatreni', 8)
('Denmark', 10)
('Zagreb', 2)
...

WorldCup,worldcup,ESPRUS,ESP,CRODEN
-------------------------------------------
Time: 2019-10-31 20:51:06
-------------------------------------------
('WorldCup', 339)
('UCL', 4)
('worldcup', 45)
('CRO', 38)
('BeProud', 8)
('CRODEN', 15)
('Family', 8)
('Vatreni', 7)
('DEN', 38)
('Denmark', 3)
...

WorldCup,worldcup,RUS,CRO,DEN
-------------------------------------------
Time: 2019-10-31 20:51:07
-------------------------------------------
('WorldCup', 336)
('worldcup', 47)
('Mufc', 5)
('HalfJoking', 1)
('ButKindOfSerious', 1)
('LFC', 1)
('ESPRUS', 25)
('DEN', 49)
('Ronaldo', 11)
('WorldCup18', 4)
...

WorldCup,DEN,CRO,worldcup,RUS
-------------------------------------------
Time: 2019-10-31 20:51:08
-------------------------------------------
('WorldCup', 376)
('CRO', 22)
('DEN', 14)
('CRODEN', 11)
('Vatreni', 2)
('BeProud', 2)
('ESPRUS', 22)
('Esp', 5)
('Rus', 5)
('Den', 7)
...

WorldCup,CRO,ESPRUS,ESP,worldcup
-------------------------------------------
Time: 2019-10-31 20:51:09
-------------------------------------------
('CRO', 26)
('WorldCup', 347)
('URUPOR', 3)
('Iniesta', 2)
('CRODEN', 20)
('ESPRUS', 26)
('worldcup', 23)
('MOTM', 2)
('ForDanmark', 1)
('ARG', 8)
...

WorldCup,ESP,CRO,ESPRUS,RUS
-------------------------------------------
Time: 2019-10-31 20:51:10
-------------------------------------------
('ENG', 9)
('ThreeLions', 3)
('WorldCup', 347)
('penalty', 1)
('quarterfinal', 1)
('tournament', 1)
('worldcup', 34)
('france', 2)
('makeupbeginner', 2)
('Ronaldo', 11)
...

WorldCup,worldcup,CRO,ESP,RUS
-------------------------------------------
Time: 2019-10-31 20:51:11
-------------------------------------------
('Argentina', 1)
('France', 3)
('WorldCup', 349)
('worldcup', 31)
('Drita', 1)
('TreFiori', 1)
('DisgustingHypocrites', 1)
('dontforgetaboutus', 1)
('fbf', 1)
('IMMIGRANTS', 1)
...

WorldCup,worldcup,ESPRUS,ESP,CRODEN
-------------------------------------------
Time: 2019-10-31 20:51:12
-------------------------------------------
('WorldCup', 390)
('BREAKING', 2)
('ESPRUS', 21)
('GER', 3)
('ARG', 8)
('POR', 10)
('ENG', 6)
('Denmark', 4)
('CRO', 19)
('DEN', 14)
...

WorldCup,ESP,ESPRUS,RUS,worldcup
-------------------------------------------
Time: 2019-10-31 20:51:13
-------------------------------------------
('WorldCup', 353)
('NorthernIreland', 2)
('CRODEN', 22)
('BRAMEX', 2)
('CRO', 29)
('BeProud', 8)
('Family', 8)
('Vatreni', 7)
('ESPRUS', 26)
('worldcup', 18)
...

WorldCup,CRO,ESPRUS,CRODEN,DEN
-------------------------------------------
Time: 2019-10-31 20:51:14
-------------------------------------------
('Worldcup', 2)
('beljpn', 1)
('WorldCup', 368)
('ESPRUS', 23)
('CRO', 25)
('FIFA18', 1)
('match', 1)
('bettingexpert', 1)
('scommesse', 1)
('winner', 1)
...

WorldCup,CRO,ESPRUS,worldcup,CRODEN
-------------------------------------------
Time: 2019-10-31 20:51:15
-------------------------------------------
('WorldCup', 374)
('ForcaPortugal', 1)
('EuropeanChampions', 1)
('CRO', 34)
('worldcup', 23)
('Rus', 1)
('Esp', 1)
('wc18gr', 2)
('CRODEN', 22)
('Worldcup', 3)
...

WorldCup,CRO,worldcup,CRODEN,DEN
-------------------------------------------
Time: 2019-10-31 20:51:16
-------------------------------------------
('WorldCup', 380)
('ESPRUS', 19)
('DEN', 28)
('CFC', 1)
('ENG', 11)
('CRO', 41)
('tag', 1)
('movie', 1)
('cinema', 1)
('funtimes', 1)
...

WorldCup,CRO,worldcup,DEN,CRODEN
-------------------------------------------
Time: 2019-10-31 20:51:17
-------------------------------------------
('WorldCup', 387)
('WORLDCUP', 1)
('croden', 1)
('worldcup', 26)
('cro', 2)
('Denmark', 6)
('Worldcup', 3)
('Russia2018', 5)
('Rusia2018', 2)
('Dinamarca', 2)
...

WorldCup,CRO,CRODEN,ESPRUS,worldcup
-------------------------------------------
Time: 2019-10-31 20:51:18
-------------------------------------------
('WorldCup', 378)
('Ronaldo', 12)
('Worldcup', 7)
('Mufc', 2)
('INDIGENOUS', 1)
('UN', 1)
('Australia', 1)
('Strasbourgh', 1)
('Ger', 1)
('Greece', 1)
...

WorldCup,CRODEN,worldcup,CRO,ESPRUS
-------------------------------------------
Time: 2019-10-31 20:51:19
-------------------------------------------
('WorldCup', 384)
('football', 16)
('MOTM', 18)
('CRO', 24)
('DEN', 16)
('worldcup', 19)
('CRODEN', 17)
('DenmarkCroatia', 1)
('Denmark', 1)
('Worldcup', 4)
...

WorldCup,CRO,ESPRUS,worldcup,ESP
-------------------------------------------
Time: 2019-10-31 20:51:20
-------------------------------------------

-------------------------------------------
Time: 2019-10-31 20:51:21
-------------------------------------------

-------------------------------------------
Time: 2019-10-31 20:51:22
-------------------------------------------

-------------------------------------------
Time: 2019-10-31 20:51:23
-------------------------------------------

