WorldCup,ESPRUS,worldcup,ESP,CRODEN
WorldCup,worldcup,CRO,RUS,FRA
WorldCup,worldcup,CRO,FRA,RUS
WorldCup,worldcup,ESPRUS,RUS,CRO
WorldCup,worldcup,ESPRUS,RUS,ESP
WorldCup,worldcup,RUS,ESPRUS,CRO
WorldCup,worldcup,DEN,CRO,RUS
WorldCup,CRO,worldcup,DEN,RUS
WorldCup,ESPRUS,CRO,ESP,worldcup
WorldCup,worldcup,CRO,ESP,RUS
WorldCup,worldcup,CRO,ESP,ESPRUS
WorldCup,worldcup,ESPRUS,ESP,CRO
WorldCup,CRO,ESPRUS,ESP,worldcup
WorldCup,CRO,ESPRUS,CRODEN,DEN
WorldCup,CRO,ESPRUS,worldcup,CRODEN
WorldCup,CRO,worldcup,ESPRUS,CRODEN
WorldCup,CRO,worldcup,CRODEN,DEN
WorldCup,CRO,CRODEN,worldcup,DEN
WorldCup,CRODEN,CRO,worldcup,ESPRUS
WorldCup,CRO,CRODEN,worldcup,ESPRUS
WorldCup,CRO,ESPRUS,worldcup,MOTM
