WorldCup,ESPRUS,worldcup,ESP
WorldCup,worldcup,FRA,RUS
WorldCup,worldcup,CRO,FRA
WorldCup,worldcup,CRO,RUS
WorldCup,worldcup,CRO,RUS
WorldCup,worldcup,CRO,RUS
WorldCup,worldcup,RUS,CRO
WorldCup,worldcup,CRO,RUS
WorldCup,worldcup,CRO,RUS
WorldCup,worldcup,CRO,RUS
WorldCup,worldcup,CRO,RUS
WorldCup,worldcup,CRO,RUS
WorldCup,worldcup,CRO,RUS
WorldCup,worldcup,CRO,ESPRUS
WorldCup,worldcup,CRO,ESPRUS
WorldCup,worldcup,CRO,ESPRUS
WorldCup,worldcup,CRO,ESPRUS
WorldCup,worldcup,CRO,ESPRUS
WorldCup,worldcup,CRO,ESPRUS
WorldCup,worldcup,CRO,ESPRUS
WorldCup,worldcup,CRO,ESPRUS
WorldCup,worldcup,CRO,ESPRUS
