
('WorldCup', 474),('FRA', 35),('worldcup', 31),('ESPRUS', 19),('Escort', 16)
('WorldCup', 730),('worldcup', 52),('FRA', 41),('Escort', 37),('ESPRUS', 26)
('WorldCup', 500),('worldcup', 43),('Escort', 36),('ESPRUS', 27),('CRO', 15)
('WorldCup', 478),('worldcup', 36),('ESPRUS', 30),('Escort', 28),('CRO', 18)
('WorldCup', 479),('worldcup', 35),('FRA', 21),('NadaNosDetiene', 19),('ESP', 19)
('WorldCup', 473),('worldcup', 31),('Escort', 26),('FRA', 22),('ESPRUS', 20)
('WorldCup', 468),('Escort', 50),('ESPRUS', 25),('worldcup', 23),('DEN', 17)
('WorldCup', 502),('ESPRUS', 26),('worldcup', 25),('Escort', 24),('NadaNosDetiene', 21)
('WorldCup', 470),('NadaNosDetiene', 29),('ESP', 27),('ESPRUS', 26),('worldcup', 26)
('WorldCup', 460),('worldcup', 34),('NadaNosDetiene', 27),('ESP', 25),('CRO', 23)
('WorldCup', 501),('worldcup', 37),('CRO', 18),('FRA', 15),('ESP', 13)
('WorldCup', 539),('worldcup', 32),('CRO', 15),('FRA', 15),('ESP', 14)
('WorldCup', 538),('worldcup', 25),('CRO', 23),('ESPRUS', 18),('FRA', 18)
('WorldCup', 505),('CRO', 28),('ESPRUS', 25),('worldcup', 19),('FRAARG', 19)
('WorldCup', 527),('CRO', 31),('worldcup', 23),('ESPRUS', 18),('FRA', 18)
('WorldCup', 537),('CRO', 39),('worldcup', 31),('MOTM', 23),('FRAARG', 17)
('WorldCup', 542),('CRO', 36),('worldcup', 28),('ESPRUS', 26),('RUS', 19)
('WorldCup', 539),('CRO', 31),('worldcup', 30),('ESPRUS', 25),('CRODEN', 18)
('WorldCup', 521),('worldcup', 30),('MOTM', 29),('CRO', 27),('ESPRUS', 20)
('WorldCup', 257),('MOTM', 18),('CRO', 12),('ESPRUS', 12),('worldcup', 11)




