-------------------------------------------
Batch: 0
-------------------------------------------
+--------------------+---------+-------+
|                Name|Followers|Friends|
+--------------------+---------+-------+
|              Cayleb|      861|    828|
|        Febri Aditya|      667|    686|
|                 tar|      137|    216|
|STAN LEGENDS, STA...|        7|      9|
|               Alice|       34|    315|
|                Goku|      105|     51|
|                 JSA|     1978|   4288|
|     SKS Media India|     2147|   2403|
|              miikii|      187|    188|
|           mattorazi|       85|    137|
|     SKS Media India|     2147|   2403|
|          DD Benitez|      171|    403|
| Fire and Brimmstone|      112|    372|
|          Elvis Good|      142|    336|
|telha de amianto ...|      333|    439|
|       Yahya Hidayat|      350|    323|
|                 Ram|        4|    110|
|      Facundo Zabala|      440|   1281|
|        albert camer|        1|     81|
|        Michael Bari|     1507|   1158|
+--------------------+---------+-------+
only showing top 20 rows

