WorldCup,worldcup,FRA,RUS
WorldCup,worldcup,CRO,FRA
WorldCup,worldcup,CRO,DEN
WorldCup,worldcup,ESPRUS,RUS
WorldCup,worldcup,ESPRUS,RUS
WorldCup,worldcup,ESPRUS,RUS
WorldCup,worldcup,RUS,CRO
WorldCup,DEN,CRO,worldcup
WorldCup,CRO,worldcup,DEN
WorldCup,worldcup,CRO,ESP
WorldCup,worldcup,CRO,ESP
WorldCup,worldcup,ESPRUS,ESP
WorldCup,ESP,ESPRUS,RUS
WorldCup,CRO,ESPRUS,CRODEN
WorldCup,CRO,ESPRUS,CRODEN
WorldCup,CRO,ESPRUS,worldcup
WorldCup,CRO,worldcup,CRODEN
WorldCup,CRO,CRODEN,worldcup
WorldCup,CRODEN,CRO,worldcup
WorldCup,CRO,CRODEN,worldcup
WorldCup,CRO,ESPRUS,worldcup
