----------=========- 2019-11-02 11:01:47 -=========----------
Error: <class 'ValueError'>
----------=========- 2019-11-02 11:01:48 -=========----------
+--------+------------+
| hashtag|no_of_tweets|
+--------+------------+
|WorldCup|         660|
|worldcup|          67|
|     FRA|          59|
|     RUS|          54|
|     CRO|          53|
+--------+------------+

----------=========- 2019-11-02 11:01:49 -=========----------
+--------+------------+
| hashtag|no_of_tweets|
+--------+------------+
|WorldCup|        1006|
|worldcup|         116|
|     CRO|          91|
|     FRA|          86|
|     RUS|          86|
+--------+------------+

----------=========- 2019-11-02 11:01:50 -=========----------
+--------+------------+
| hashtag|no_of_tweets|
+--------+------------+
|WorldCup|         694|
|worldcup|          90|
|     CRO|          70|
|     DEN|          60|
|     RUS|          59|
+--------+------------+

----------=========- 2019-11-02 11:01:51 -=========----------
+--------+------------+
| hashtag|no_of_tweets|
+--------+------------+
|WorldCup|         676|
|worldcup|          78|
|  ESPRUS|          64|
|     RUS|          61|
|     CRO|          59|
+--------+------------+

----------=========- 2019-11-02 11:01:52 -=========----------
+--------+------------+
| hashtag|no_of_tweets|
+--------+------------+
|WorldCup|         689|
|worldcup|          67|
|  ESPRUS|          57|
|     RUS|          51|
|     ESP|          43|
+--------+------------+

----------=========- 2019-11-02 11:01:53 -=========----------
+--------+------------+
| hashtag|no_of_tweets|
+--------+------------+
|WorldCup|         700|
|worldcup|          75|
|  ESPRUS|          56|
|     RUS|          56|
|     CRO|          52|
+--------+------------+

----------=========- 2019-11-02 11:01:54 -=========----------
+--------+------------+
| hashtag|no_of_tweets|
+--------+------------+
|WorldCup|         675|
|worldcup|          92|
|     DEN|          87|
|     CRO|          85|
|     RUS|          77|
+--------+------------+

----------=========- 2019-11-02 11:01:55 -=========----------
Error: <class 'py4j.protocol.Py4JJavaError'>
