WorldCup,worldcup,ESP,ESPRUS,FRA
WorldCup,FRA,worldcup,ESPRUS,Escort
WorldCup,Escort,worldcup,FRA,ESPRUS
WorldCup,worldcup,Escort,ESPRUS,CRO
WorldCup,worldcup,ESPRUS,FRA,Escort
WorldCup,worldcup,Escort,ESPRUS,FRA
WorldCup,Escort,ESPRUS,worldcup,DEN
WorldCup,Escort,ESPRUS,worldcup,DEN
WorldCup,ESPRUS,NadaNosDetiene,worldcup,CRO
WorldCup,NadaNosDetiene,ESP,ESPRUS,worldcup
WorldCup,worldcup,CRO,ESP,NadaNosDetiene
WorldCup,worldcup,CRO,FRA,ESP
WorldCup,worldcup,ESP,FRA,CRO
WorldCup,CRO,ESPRUS,FRAARG,FRA
WorldCup,CRO,ESPRUS,FRAARG,worldcup
WorldCup,CRO,worldcup,ESPRUS,FRA
WorldCup,CRO,worldcup,MOTM,FRAARG
WorldCup,CRO,worldcup,ESPRUS,RUS
WorldCup,CRO,worldcup,ESPRUS,CRODEN
WorldCup,worldcup,MOTM,CRO,ESPRUS
WorldCup,MOTM,CRO,ESPRUS,worldcup
