WorldCup,ESPRUS,worldcup,ESP,CRODEN
WorldCup,ESPRUS,worldcup,ESP,CRODEN
WorldCup,FRA,worldcup,CRO,RUS
WorldCup,FRA,worldcup,CRO,RUS
WorldCup,worldcup,CRO,DEN,RUS
WorldCup,worldcup,CRO,DEN,RUS
WorldCup,worldcup,ESPRUS,CRO,DEN
WorldCup,worldcup,ESPRUS,CRO,DEN
WorldCup,worldcup,RUS,ESPRUS,CRO
WorldCup,worldcup,RUS,ESPRUS,CRO
WorldCup,worldcup,ESPRUS,ESP,CRODEN
WorldCup,worldcup,ESPRUS,ESP,CRODEN
WorldCup,worldcup,RUS,CRO,DEN
WorldCup,worldcup,RUS,CRO,DEN
WorldCup,DEN,worldcup,CRO,RUS
WorldCup,DEN,worldcup,CRO,RUS
WorldCup,CRO,ESPRUS,ESP,worldcup
WorldCup,CRO,ESPRUS,ESP,worldcup
WorldCup,ESP,CRO,ESPRUS,RUS
WorldCup,ESP,CRO,ESPRUS,RUS
