-------------------------------------------
Time: 2019-11-01 13:35:52
-------------------------------------------
('WorldCup', 246)
('PowerByEXO', 2)
('worldcup', 17)
('', 97)
('CRODEN', 6)
('airdrop', 2)
('SaveTimeless', 1)
('Iniesta', 1)
('Robinhood', 1)
('ESPRUS', 10)
...

-------------------------------------------
Time: 2019-11-01 13:35:53
-------------------------------------------
('POR', 1)
('WorldCup', 228)
('CRO', 9)
('', 90)
('MOTM', 4)
('CRODEN', 6)
('ESPRUS', 9)
('Sushi', 1)
('DEN', 6)
('CroatiavDenmark', 1)
...

-------------------------------------------
Time: 2019-11-01 13:35:54
-------------------------------------------
('WorldCup', 256)
('', 82)
('ESPRUS', 7)
('Lebron', 3)
('Mexico', 1)
('DEN', 3)
('worldcup', 21)
('nesberry', 1)
('PowerByEXO', 1)
('Ronaldo', 1)
...

-------------------------------------------
Time: 2019-11-01 13:35:55
-------------------------------------------
('Escort', 15)
('WorldCup', 244)
('ESPRUS', 20)
('', 77)
('CRODEN', 4)
('MOTM', 1)
('DEN', 7)
('worldcup', 22)
('PowerByEXO', 1)
('MfanaComedy', 4)
...

-------------------------------------------
Time: 2019-11-01 13:35:56
-------------------------------------------
('', 107)
('WorldCup', 234)
('ESPRUS', 10)
('TSWorldCup', 1)
('NadaNosDetiene', 9)
('worldcup', 14)
('CRODEN', 8)
('DEN', 3)
('sports', 1)
('PowerByEXO', 5)
...

-------------------------------------------
Time: 2019-11-01 13:35:57
-------------------------------------------
('WorldCup', 245)
('', 87)
('Zagreb', 2)
('Argentina', 2)
('ESPRUS', 8)
('UCL', 6)
('NadaNosDetiene', 10)
('worldcup', 21)
('DEN', 5)
('mufc', 1)
...

-------------------------------------------
Time: 2019-11-01 13:35:58
-------------------------------------------
('WorldCup', 228)
('', 87)
('UCL', 4)
('CRO', 7)
('DEN', 7)
('ESPRUS', 12)
('Maradona', 1)
('GoalOfTheDay', 4)
('NadaNosDetiene', 6)
('PowerByEXO', 5)
...

-------------------------------------------
Time: 2019-11-01 13:35:59
-------------------------------------------
('WorldCup', 240)
('', 86)
('HalfJoking', 1)
('DEN', 10)
('NadaNosDetiene', 9)
('CRO', 9)
('CRODEN', 8)
('ARG', 2)
('Akinfeev', 1)
('Argentina', 1)
...

-------------------------------------------
Time: 2019-11-01 13:36:00
-------------------------------------------
('WorldCup', 262)
('ESPRUS', 13)
('DEN', 6)
('Esp', 4)
('', 86)
('ThreeLions', 2)
('CRO', 9)
('WalkAway', 1)
('worldcup', 12)
('NadaNosDetiene', 12)
...

-------------------------------------------
Time: 2019-11-01 13:36:01
-------------------------------------------
('', 98)
('CRO', 13)
('WorldCup', 208)
('Iniesta', 2)
('CRODEN', 10)
('MOTM', 2)
('NadaNosDetiene', 17)
('Worldcup', 2)
('sparus', 1)
('WalkAway', 2)
...

-------------------------------------------
Time: 2019-11-01 13:36:02
-------------------------------------------
('ENG', 3)
('WorldCup', 252)
('', 105)
('worldcup', 20)
('ESPRUS', 3)
('happynewmonth', 1)
('AHS8', 1)
('Wimbledon', 1)
('NadaNosDetiene', 10)
('CRODEN', 4)
...

-------------------------------------------
Time: 2019-11-01 13:36:03
-------------------------------------------
('Argentina', 1)
('worldcup', 17)
('WorldCup', 249)
('dontforgetaboutus', 1)
('IMMIGRANTS', 1)
('', 95)
('ESPRUS', 6)
('FormulaOne', 1)
('GoalOfTheDay', 6)
('Esp', 3)
...

