----------=========- 2019-11-01 09:56:42 -=========----------
+--------+-----+
|Hashtags|count|
+--------+-----+
|WorldCup|  474|
|     FRA|   35|
|worldcup|   31|
|  ESPRUS|   19|
|  Escort|   16|
+--------+-----+
only showing top 5 rows

----------=========- 2019-11-01 09:56:44 -=========----------
+--------+-----+
|Hashtags|count|
+--------+-----+
|WorldCup|  974|
|worldcup|   74|
|  Escort|   52|
|     FRA|   50|
|  ESPRUS|   46|
+--------+-----+
only showing top 5 rows

----------=========- 2019-11-01 09:56:46 -=========----------
+--------+-----+
|Hashtags|count|
+--------+-----+
|WorldCup| 1453|
|worldcup|  109|
|     FRA|   71|
|  Escort|   65|
|  ESPRUS|   64|
+--------+-----+
only showing top 5 rows

----------=========- 2019-11-01 09:56:48 -=========----------
+--------+-----+
|Hashtags|count|
+--------+-----+
|WorldCup| 1921|
|worldcup|  132|
|  Escort|  115|
|  ESPRUS|   89|
|     FRA|   86|
+--------+-----+
only showing top 5 rows

----------=========- 2019-11-01 09:56:50 -=========----------
+--------+-----+
|Hashtags|count|
+--------+-----+
|WorldCup| 2391|
|worldcup|  158|
|  ESPRUS|  115|
|  Escort|  115|
|     FRA|  101|
+--------+-----+
only showing top 5 rows

----------=========- 2019-11-01 09:56:52 -=========----------
+--------+-----+
|Hashtags|count|
+--------+-----+
|WorldCup| 2643|
|worldcup|  178|
|  ESPRUS|  118|
|  Escort|  115|
|     FRA|  109|
+--------+-----+
only showing top 5 rows

----------=========- 2019-11-01 09:56:54 -=========----------
+--------+-----+
|Hashtags|count|
+--------+-----+
|WorldCup| 3182|
|worldcup|  210|
|  ESPRUS|  130|
|     FRA|  124|
|  Escort|  115|
+--------+-----+
only showing top 5 rows

----------=========- 2019-11-01 09:56:56 -=========----------
+--------+-----+
|Hashtags|count|
+--------+-----+
|WorldCup| 3687|
|worldcup|  229|
|  ESPRUS|  155|
|     FRA|  141|
|     CRO|  135|
+--------+-----+
only showing top 5 rows

----------=========- 2019-11-01 09:56:58 -=========----------
+--------+-----+
|Hashtags|count|
+--------+-----+
|WorldCup| 4224|
|worldcup|  260|
|     CRO|  174|
|  ESPRUS|  169|
|     FRA|  156|
+--------+-----+
only showing top 5 rows

----------=========- 2019-11-01 09:57:00 -=========----------
+--------+-----+
|Hashtags|count|
+--------+-----+
|WorldCup| 4763|
|worldcup|  290|
|     CRO|  205|
|  ESPRUS|  194|
|     FRA|  174|
+--------+-----+
only showing top 5 rows

----------=========- 2019-11-01 09:57:02 -=========----------
+--------+-----+
|Hashtags|count|
+--------+-----+
|WorldCup| 5020|
|worldcup|  301|
|     CRO|  217|
|  ESPRUS|  206|
|     FRA|  183|
+--------+-----+
only showing top 5 rows

----------=========- 2019-11-01 09:57:04 -=========----------
+--------+-----+
|Hashtags|count|
+--------+-----+
|WorldCup| 5020|
|worldcup|  301|
|     CRO|  217|
|  ESPRUS|  206|
|     FRA|  183|
+--------+-----+
only showing top 5 rows

----------=========- 2019-11-01 09:57:06 -=========----------
+--------+-----+
|Hashtags|count|
+--------+-----+
|WorldCup| 5020|
|worldcup|  301|
|     CRO|  217|
|  ESPRUS|  206|
|     FRA|  183|
+--------+-----+
only showing top 5 rows

----------=========- 2019-11-01 09:57:08 -=========----------
+--------+-----+
|Hashtags|count|
+--------+-----+
|WorldCup| 5020|
|worldcup|  301|
|     CRO|  217|
|  ESPRUS|  206|
|     FRA|  183|
+--------+-----+
only showing top 5 rows

----------=========- 2019-11-01 09:57:10 -=========----------
+--------+-----+
|Hashtags|count|
+--------+-----+
|WorldCup| 5020|
|worldcup|  301|
|     CRO|  217|
|  ESPRUS|  206|
|     FRA|  183|
+--------+-----+
only showing top 5 rows

----------=========- 2019-11-01 09:57:12 -=========----------
+--------+-----+
|Hashtags|count|
+--------+-----+
|WorldCup| 5020|
|worldcup|  301|
|     CRO|  217|
|  ESPRUS|  206|
|     FRA|  183|
+--------+-----+
only showing top 5 rows

----------=========- 2019-11-01 09:57:14 -=========----------
+--------+-----+
|Hashtags|count|
+--------+-----+
|WorldCup| 5020|
|worldcup|  301|
|     CRO|  217|
|  ESPRUS|  206|
|     FRA|  183|
+--------+-----+
only showing top 5 rows

----------=========- 2019-11-01 09:57:16 -=========----------
+--------+-----+
|Hashtags|count|
+--------+-----+
|WorldCup| 5020|
|worldcup|  301|
|     CRO|  217|
|  ESPRUS|  206|
|     FRA|  183|
+--------+-----+
only showing top 5 rows

----------=========- 2019-11-01 09:57:18 -=========----------
+--------+-----+
|Hashtags|count|
+--------+-----+
|WorldCup| 5020|
|worldcup|  301|
|     CRO|  217|
|  ESPRUS|  206|
|     FRA|  183|
+--------+-----+
only showing top 5 rows

----------=========- 2019-11-01 09:57:20 -=========----------
+--------+-----+
|Hashtags|count|
+--------+-----+
|WorldCup| 5020|
|worldcup|  301|
|     CRO|  217|
|  ESPRUS|  206|
|     FRA|  183|
+--------+-----+
only showing top 5 rows

----------=========- 2019-11-01 09:57:22 -=========----------
+--------+-----+
|Hashtags|count|
+--------+-----+
|WorldCup| 5020|
|worldcup|  301|
|     CRO|  217|
|  ESPRUS|  206|
|     FRA|  183|
+--------+-----+
only showing top 5 rows

----------=========- 2019-11-01 09:57:24 -=========----------
+--------+-----+
|Hashtags|count|
+--------+-----+
|WorldCup| 5020|
|worldcup|  301|
|     CRO|  217|
|  ESPRUS|  206|
|     FRA|  183|
+--------+-----+
only showing top 5 rows

----------=========- 2019-11-01 09:57:26 -=========----------
+--------+-----+
|Hashtags|count|
+--------+-----+
|WorldCup| 5020|
|worldcup|  301|
|     CRO|  217|
|  ESPRUS|  206|
|     FRA|  183|
+--------+-----+
only showing top 5 rows

----------=========- 2019-11-01 09:57:28 -=========----------
+--------+-----+
|Hashtags|count|
+--------+-----+
|WorldCup| 5020|
|worldcup|  301|
|     CRO|  217|
|  ESPRUS|  206|
|     FRA|  183|
+--------+-----+
only showing top 5 rows

----------=========- 2019-11-01 09:57:30 -=========----------
+--------+-----+
|Hashtags|count|
+--------+-----+
|WorldCup| 5020|
|worldcup|  301|
|     CRO|  217|
|  ESPRUS|  206|
|     FRA|  183|
+--------+-----+
only showing top 5 rows

----------=========- 2019-11-01 09:57:32 -=========----------
+--------+-----+
|Hashtags|count|
+--------+-----+
|WorldCup| 5020|
|worldcup|  301|
|     CRO|  217|
|  ESPRUS|  206|
|     FRA|  183|
+--------+-----+
only showing top 5 rows

----------=========- 2019-11-01 09:57:34 -=========----------
+--------+-----+
|Hashtags|count|
+--------+-----+
|WorldCup| 5020|
|worldcup|  301|
|     CRO|  217|
|  ESPRUS|  206|
|     FRA|  183|
+--------+-----+
only showing top 5 rows

----------=========- 2019-11-01 09:57:36 -=========----------
+--------+-----+
|Hashtags|count|
+--------+-----+
|WorldCup| 5020|
|worldcup|  301|
|     CRO|  217|
|  ESPRUS|  206|
|     FRA|  183|
+--------+-----+
only showing top 5 rows

----------=========- 2019-11-01 09:57:38 -=========----------
+--------+-----+
|Hashtags|count|
+--------+-----+
|WorldCup| 5020|
|worldcup|  301|
|     CRO|  217|
|  ESPRUS|  206|
|     FRA|  183|
+--------+-----+
only showing top 5 rows

----------=========- 2019-11-01 09:57:40 -=========----------
