-------------------------------------------
Time: 2019-11-01 09:46:32
-------------------------------------------
('WorldCup', 340)
('POR', 9)
('ENG', 12)
('PowerByEXO', 2)
('XiuminLeague', 1)
('worldcup', 25)
('NBA', 7)
('MLB', 6)
('PGA', 5)
('WORLDCUP', 5)
...

-------------------------------------------
Time: 2019-11-01 09:46:33
-------------------------------------------
('Last16', 1)
('WorldCup', 320)
('Russia2018', 2)
('Rusia2018', 17)
('CRO', 35)
('Last8', 1)
('POR', 21)
('ENG', 4)
('GER', 4)
('ARG', 24)
...

-------------------------------------------
Time: 2019-11-01 09:46:34
-------------------------------------------
('WorldCup', 346)
('ESPRUS', 22)
('WorldCup2018', 7)
('BRAMEX', 2)
('', 82)
('CinderellaStories', 2)
('CRODEN', 20)
('Lebron', 3)
('trending', 3)
('Mexico', 4)
...

-------------------------------------------
Time: 2019-11-01 09:46:35
-------------------------------------------
('Escort', 15)
('CostaRica', 15)
('worldcup', 41)
('Rusia2018', 18)
('DEN', 28)
('CRO', 32)
('news', 15)
('Bitcoin', 15)
('DatingService', 15)
('Relationships', 15)
...

-------------------------------------------
Time: 2019-11-01 09:46:36
-------------------------------------------
('', 107)
('WorldCup', 328)
('ESPRUS', 31)
('WorldCup2018', 5)
('TSWorldCup', 1)
('NadaNosDetiene', 9)
('worldcup', 37)
('CRODEN', 13)
('Ronaldo', 10)
('DEN', 26)
...

-------------------------------------------
Time: 2019-11-01 09:46:37
-------------------------------------------
('ESPRUS', 26)
('REDTOGETHER', 2)
('WorldCup', 361)
('CRO', 14)
('BeProud', 9)
('CRODEN', 18)
('Family', 8)
('Vatreni', 8)
('Denmark', 10)
('', 87)
...

-------------------------------------------
Time: 2019-11-01 09:46:38
-------------------------------------------
('WorldCup', 339)
('', 87)
('UCL', 4)
('worldcup', 45)
('CRO', 38)
('BeProud', 8)
('CRODEN', 15)
('Family', 8)
('Vatreni', 7)
('DEN', 38)
...

-------------------------------------------
Time: 2019-11-01 09:46:39
-------------------------------------------
('WorldCup', 336)
('worldcup', 47)
('Mufc', 5)
('', 86)
('HalfJoking', 1)
('ButKindOfSerious', 1)
('LFC', 1)
('ESPRUS', 25)
('DEN', 49)
('Ronaldo', 11)
...

-------------------------------------------
Time: 2019-11-01 09:46:40
-------------------------------------------
('WorldCup', 376)
('CRO', 22)
('DEN', 14)
('CRODEN', 11)
('Vatreni', 2)
('BeProud', 2)
('ESPRUS', 22)
('Esp', 5)
('Rus', 5)
('Den', 7)
...

-------------------------------------------
Time: 2019-11-01 09:46:41
-------------------------------------------
('', 98)
('CRO', 26)
('WorldCup', 347)
('URUPOR', 3)
('Iniesta', 2)
('CRODEN', 20)
('ESPRUS', 26)
('worldcup', 23)
('MOTM', 2)
('ForDanmark', 1)
...

-------------------------------------------
Time: 2019-11-01 09:46:42
-------------------------------------------
('ENG', 9)
('ThreeLions', 3)
('WorldCup', 347)
('', 105)
('penalty', 1)
('quarterfinal', 1)
('tournament', 1)
('worldcup', 34)
('france', 2)
('makeupbeginner', 2)
...

-------------------------------------------
Time: 2019-11-01 09:46:43
-------------------------------------------
('Argentina', 1)
('France', 3)
('WorldCup', 349)
('worldcup', 31)
('Drita', 1)
('TreFiori', 1)
('DisgustingHypocrites', 1)
('dontforgetaboutus', 1)
('fbf', 1)
('IMMIGRANTS', 1)
...

-------------------------------------------
Time: 2019-11-01 09:46:44
-------------------------------------------
('WorldCup', 390)
('BREAKING', 2)
('ESPRUS', 21)
('GER', 3)
('ARG', 8)
('POR', 10)
('ENG', 6)
('Denmark', 4)
('CRO', 19)
('DEN', 14)
...

-------------------------------------------
Time: 2019-11-01 09:46:45
-------------------------------------------
('WorldCup', 353)
('NorthernIreland', 2)
('', 95)
('CRODEN', 22)
('BRAMEX', 2)
('CRO', 29)
('BeProud', 8)
('Family', 8)
('Vatreni', 7)
('ESPRUS', 26)
...

-------------------------------------------
Time: 2019-11-01 09:46:46
-------------------------------------------
('', 93)
('Worldcup', 2)
('beljpn', 1)
('WorldCup', 368)
('ESPRUS', 23)
('CRO', 25)
('FIFA18', 1)
('match', 1)
('bettingexpert', 1)
('scommesse', 1)
...

-------------------------------------------
Time: 2019-11-01 09:46:47
-------------------------------------------
('', 74)
('WorldCup', 374)
('ForcaPortugal', 1)
('EuropeanChampions', 1)
('CRO', 34)
('worldcup', 23)
('Rus', 1)
('Esp', 1)
('wc18gr', 2)
('CRODEN', 22)
...

-------------------------------------------
Time: 2019-11-01 09:46:48
-------------------------------------------
('WorldCup', 380)
('ESPRUS', 19)
('', 64)
('DEN', 28)
('CFC', 1)
('ENG', 11)
('CRO', 41)
('tag', 1)
('movie', 1)
('cinema', 1)
...

-------------------------------------------
Time: 2019-11-01 09:46:49
-------------------------------------------
('WorldCup', 387)
('WORLDCUP', 1)
('croden', 1)
('worldcup', 26)
('cro', 2)
('Denmark', 6)
('Worldcup', 3)
('Russia2018', 5)
('Rusia2018', 2)
('Dinamarca', 2)
...

-------------------------------------------
Time: 2019-11-01 09:46:50
-------------------------------------------
('WorldCup', 378)
('Ronaldo', 12)
('', 68)
('Worldcup', 7)
('Mufc', 2)
('INDIGENOUS', 1)
('UN', 1)
('Australia', 1)
('Strasbourgh', 1)
('Ger', 1)
...

-------------------------------------------
Time: 2019-11-01 09:46:51
-------------------------------------------
('WorldCup', 384)
('', 69)
('football', 16)
('MOTM', 18)
('CRO', 24)
('DEN', 16)
('worldcup', 19)
('CRODEN', 17)
('DenmarkCroatia', 1)
('Denmark', 1)
...

-------------------------------------------
Time: 2019-11-01 09:46:52
-------------------------------------------

-------------------------------------------
Time: 2019-11-01 09:46:53
-------------------------------------------

-------------------------------------------
Time: 2019-11-01 09:46:54
-------------------------------------------

-------------------------------------------
Time: 2019-11-01 09:46:55
-------------------------------------------

-------------------------------------------
Time: 2019-11-01 09:46:56
-------------------------------------------

