----------=========- 2019-11-01 01:59:59 -=========----------
+--------+------------+
| hashtag|no_of_tweets|
+--------+------------+
|WorldCup|         340|
|  ESPRUS|          26|
|worldcup|          25|
|     ESP|          25|
|  CRODEN|          20|
+--------+------------+

----------=========- 2019-11-01 02:00:00 -=========----------
+--------+------------+
| hashtag|no_of_tweets|
+--------+------------+
|WorldCup|         660|
|worldcup|          67|
|     FRA|          59|
|     RUS|          54|
|     CRO|          53|
+--------+------------+

----------=========- 2019-11-01 02:00:01 -=========----------
+--------+------------+
| hashtag|no_of_tweets|
+--------+------------+
|WorldCup|         666|
|worldcup|          91|
|     FRA|          74|
|     CRO|          73|
|     RUS|          67|
+--------+------------+

----------=========- 2019-11-01 02:00:02 -=========----------
+--------+------------+
| hashtag|no_of_tweets|
+--------+------------+
|WorldCup|         694|
|worldcup|          90|
|     CRO|          70|
|     DEN|          60|
|     RUS|          59|
+--------+------------+

----------=========- 2019-11-01 02:00:03 -=========----------
+--------+------------+
| hashtag|no_of_tweets|
+--------+------------+
|WorldCup|         676|
|worldcup|          78|
|  ESPRUS|          64|
|     RUS|          61|
|     CRO|          59|
+--------+------------+

----------=========- 2019-11-01 02:00:04 -=========----------
+--------+------------+
| hashtag|no_of_tweets|
+--------+------------+
|WorldCup|         689|
|worldcup|          67|
|  ESPRUS|          57|
|     RUS|          51|
|     ESP|          43|
+--------+------------+

----------=========- 2019-11-01 02:00:05 -=========----------
+--------+------------+
| hashtag|no_of_tweets|
+--------+------------+
|WorldCup|         700|
|worldcup|          75|
|  ESPRUS|          56|
|     RUS|          56|
|     CRO|          52|
+--------+------------+

----------=========- 2019-11-01 02:00:06 -=========----------
+--------+------------+
| hashtag|no_of_tweets|
+--------+------------+
|WorldCup|         675|
|worldcup|          92|
|     DEN|          87|
|     CRO|          85|
|     RUS|          77|
+--------+------------+

----------=========- 2019-11-01 02:00:07 -=========----------
Error: <class 'py4j.protocol.Py4JJavaError'>
