WorldCup,worldcup,ESP,ESPRUS,FRA
WorldCup,worldcup,ESP,ESPRUS,FRA
WorldCup,FRA,Escort,worldcup,CRO
WorldCup,FRA,Escort,worldcup,CRO
WorldCup,Escort,worldcup,ESPRUS,ESP
WorldCup,Escort,worldcup,ESPRUS,ESP
WorldCup,worldcup,ESPRUS,Escort,CRO
WorldCup,worldcup,ESPRUS,Escort,CRO
WorldCup,worldcup,Escort,ESPRUS,NadaNosDetiene
WorldCup,worldcup,Escort,ESPRUS,NadaNosDetiene
WorldCup,worldcup,FRA,ESP,NadaNosDetiene
WorldCup,worldcup,FRA,ESP,NadaNosDetiene
WorldCup,Escort,ESPRUS,worldcup,FRA
WorldCup,Escort,ESPRUS,worldcup,FRA
WorldCup,Escort,ESPRUS,worldcup,DEN
WorldCup,Escort,ESPRUS,worldcup,DEN
WorldCup,ESPRUS,NadaNosDetiene,worldcup,CRO
WorldCup,ESPRUS,NadaNosDetiene,worldcup,CRO
WorldCup,ESP,NadaNosDetiene,worldcup,CRO
WorldCup,ESP,NadaNosDetiene,worldcup,CRO
