WorldCup
worldcup
ESPRUS,WorldCup
WorldCup,Cristiano,Ronaldo,Messi
CRODEN,WorldCup
WorldCup
worldcup
Escort,CostaRica,worldcup,Rusia2018,FRA,URU,RUS,DEN,CRO,BRA,MEX,JPN,BEL,news,video,Bitcoin,Travel,DatingService,Relationships,SugarDaddy,SugarBaby,SugarBabies,Matchmaking,Love
WorldCup,Cristiano,Ronaldo,Messi
ESPRUS,WorldCup
WorldCup
Escort,CostaRica,worldcup,Rusia2018,FRA,URU,RUS,DEN,CRO,BRA,MEX,JPN,BEL,news,video,Bitcoin,Travel,DatingService,Relationships,SugarDaddy,SugarBaby,SugarBabies,Matchmaking,Love
worldcup
ESPRUS,WorldCup
WorldCup,Cristiano,Ronaldo,Messi
WorldCup
worldcup
ESPRUS,WorldCup
Escort,CostaRica,worldcup,Rusia2018,FRA,URU,RUS,DEN,CRO,BRA,MEX,JPN,BEL,news,video,Bitcoin,Travel,DatingService,Relationships,SugarDaddy,SugarBaby,SugarBabies,Matchmaking,Love
WorldCup,Cristiano,Ronaldo,Messi
