WorldCup,ESPRUS,ESP,worldcup,CRODEN
WorldCup,FRA,worldcup,CRO,RUS
WorldCup,worldcup,CRO,DEN,RUS
WorldCup,worldcup,ESPRUS,CRO,DEN
WorldCup,worldcup,RUS,ESPRUS,CRO
WorldCup,worldcup,ESPRUS,ESP,CRODEN
WorldCup,worldcup,RUS,CRO,DEN
WorldCup,DEN,CRO,worldcup,RUS
WorldCup,CRO,ESPRUS,ESP,worldcup
WorldCup,ESP,CRO,ESPRUS,RUS
WorldCup,worldcup,CRO,ESP,RUS
WorldCup,worldcup,ESPRUS,ESP,CRODEN
WorldCup,ESP,ESPRUS,RUS,worldcup
WorldCup,CRO,ESPRUS,CRODEN,DEN
WorldCup,CRO,ESPRUS,worldcup,CRODEN
WorldCup,CRO,worldcup,CRODEN,ESPRUS
WorldCup,CRO,worldcup,DEN,CRODEN
WorldCup,CRO,CRODEN,ESPRUS,worldcup
WorldCup,CRODEN,worldcup,CRO,ESPRUS
WorldCup,CRO,ESPRUS,worldcup,MOTM
