WorldCup,ESPRUS,FRA,ESP,CRODEN
WorldCup,FRA,ESPRUS,Escort,ESP
WorldCup,Escort,FRA,ESPRUS,CRO
WorldCup,Escort,ESPRUS,CRO,FRA
WorldCup,ESPRUS,Escort,CRO,ESP
WorldCup,NadaNosDetiene,ESP,ESPRUS,FRA
WorldCup,Escort,FRA,ESPRUS,ESP
WorldCup,Escort,ESPRUS,DEN,CRO
WorldCup,ESPRUS,Escort,NadaNosDetiene,ESP
WorldCup,NadaNosDetiene,ESPRUS,ESP,CRO
WorldCup,NadaNosDetiene,ESP,CRO,ESPRUS
WorldCup,CRO,FRA,ESP,FRAARG
WorldCup,ESP,ESPRUS,CRO,FRA
WorldCup,ESPRUS,CRO,FRAARG,ESP
WorldCup,ESPRUS,CRO,FRAARG,ESP
WorldCup,CRO,ESPRUS,FRAARG,FRA
WorldCup,CRO,MOTM,FRAARG,ESPRUS
WorldCup,CRO,ESPRUS,MOTM,RUS
WorldCup,CRO,ESPRUS,CRODEN,ESP
WorldCup,MOTM,CRO,ESPRUS,ESP
WorldCup,MOTM,ESPRUS,CRO,FRA
