-------------------------------------------
Time: 2019-11-01 00:18:47
-------------------------------------------

-------------------------------------------
Time: 2019-11-01 00:18:48
-------------------------------------------
('WorldCup', 340)
('ESPRUS', 26)
('worldcup', 25)
...

-------------------------------------------
Time: 2019-11-01 00:18:49
-------------------------------------------
('WorldCup', 1006)
('worldcup', 116)
('CRO', 91)
...

-------------------------------------------
Time: 2019-11-01 00:18:50
-------------------------------------------
('WorldCup', 1014)
('worldcup', 132)
('CRO', 105)
...

-------------------------------------------
Time: 2019-11-01 00:18:51
-------------------------------------------
('WorldCup', 676)
('worldcup', 78)
('ESPRUS', 64)
...

-------------------------------------------
Time: 2019-11-01 00:18:52
-------------------------------------------
('WorldCup', 689)
('worldcup', 67)
('ESPRUS', 57)
...

-------------------------------------------
Time: 2019-11-01 00:18:53
-------------------------------------------
('WorldCup', 700)
('worldcup', 75)
('ESPRUS', 56)
...

-------------------------------------------
Time: 2019-11-01 00:18:54
-------------------------------------------
('WorldCup', 675)
('worldcup', 92)
('DEN', 87)
...

-------------------------------------------
Time: 2019-11-01 00:18:55
-------------------------------------------
('WorldCup', 336)
('DEN', 49)
('worldcup', 47)
...

-------------------------------------------
Time: 2019-11-01 00:18:56
-------------------------------------------
('WorldCup', 376)
('CRO', 22)
('ESPRUS', 22)
...

-------------------------------------------
Time: 2019-11-01 00:18:57
-------------------------------------------
('WorldCup', 1070)
('worldcup', 74)
('CRO', 72)
...

-------------------------------------------
Time: 2019-11-01 00:18:58
-------------------------------------------
('WorldCup', 1043)
('worldcup', 88)
('CRO', 66)
...

-------------------------------------------
Time: 2019-11-01 00:18:59
-------------------------------------------
('WorldCup', 739)
('worldcup', 51)
('ESPRUS', 41)
...

-------------------------------------------
Time: 2019-11-01 00:19:00
-------------------------------------------
('WorldCup', 390)
('ESPRUS', 21)
('RUS', 21)
...

-------------------------------------------
Time: 2019-11-01 00:19:01
-------------------------------------------
('WorldCup', 353)
('CRO', 29)
('ESPRUS', 26)
...

-------------------------------------------
Time: 2019-11-01 00:19:02
-------------------------------------------
('WorldCup', 721)
('CRO', 54)
('ESPRUS', 49)
...

-------------------------------------------
Time: 2019-11-01 00:19:03
-------------------------------------------
('WorldCup', 742)
('CRO', 59)
('ESPRUS', 43)
...

-------------------------------------------
Time: 2019-11-01 00:19:04
-------------------------------------------
('WorldCup', 754)
('CRO', 75)
('worldcup', 53)
...

-------------------------------------------
Time: 2019-11-01 00:19:05
-------------------------------------------
('WorldCup', 767)
('CRO', 77)
('CRODEN', 61)
...

-------------------------------------------
Time: 2019-11-01 00:19:06
-------------------------------------------
('WorldCup', 765)
('CRODEN', 64)
('CRO', 62)
...

-------------------------------------------
Time: 2019-11-01 00:19:07
-------------------------------------------
('WorldCup', 762)
('CRO', 50)
('CRODEN', 47)
...

-------------------------------------------
Time: 2019-11-01 00:19:08
-------------------------------------------
('WorldCup', 384)
('CRO', 24)
('ESPRUS', 22)
...

-------------------------------------------
Time: 2019-11-01 00:19:09
-------------------------------------------

-------------------------------------------
Time: 2019-11-01 00:19:10
-------------------------------------------

-------------------------------------------
Time: 2019-11-01 00:19:11
-------------------------------------------

-------------------------------------------
Time: 2019-11-01 00:19:12
-------------------------------------------

