CRODEN,ESP,ESPRUS,WorldCup,worldcup
CRO,ESPRUS,RUS,WorldCup,worldcup
CRO,FRA,RUS,WorldCup,worldcup
CRO,FRA,RUS,WorldCup,worldcup
CRO,ESPRUS,RUS,WorldCup,worldcup
CRO,ESPRUS,RUS,WorldCup,worldcup
CRO,DEN,RUS,WorldCup,worldcup
CRO,DEN,RUS,WorldCup,worldcup
CRO,ESPRUS,RUS,WorldCup,worldcup
CRO,ESPRUS,RUS,WorldCup,worldcup
CRO,ESPRUS,RUS,WorldCup,worldcup
CRO,ESPRUS,RUS,WorldCup,worldcup
CRO,ESPRUS,RUS,WorldCup,worldcup
CRO,ESPRUS,RUS,WorldCup,worldcup
CRO,ESPRUS,RUS,WorldCup,worldcup
CRO,ESPRUS,RUS,WorldCup,worldcup
CRO,ESPRUS,RUS,WorldCup,worldcup
CRO,ESPRUS,RUS,WorldCup,worldcup
CRO,ESPRUS,RUS,WorldCup,worldcup
CRO,DEN,ESPRUS,WorldCup,worldcup
CRO,DEN,ESPRUS,WorldCup,worldcup
CRO,DEN,ESPRUS,WorldCup,worldcup
CRO,DEN,ESPRUS,WorldCup,worldcup
CRO,DEN,ESPRUS,WorldCup,worldcup
