CRODEN,ESP,ESPRUS,WorldCup,worldcup
CRO,FRA,RUS,WorldCup,worldcup
CRO,FRA,RUS,WorldCup,worldcup
CRO,DEN,RUS,WorldCup,worldcup
CRO,ESPRUS,RUS,WorldCup,worldcup
ESP,ESPRUS,RUS,WorldCup,worldcup
CRO,ESPRUS,RUS,WorldCup,worldcup
CRO,DEN,RUS,WorldCup,worldcup
CRO,DEN,RUS,WorldCup,worldcup
CRO,ESP,ESPRUS,WorldCup,worldcup
CRO,ESP,RUS,WorldCup,worldcup
CRO,ESP,ESPRUS,WorldCup,worldcup
CRO,ESP,ESPRUS,WorldCup,worldcup
CRO,ESP,ESPRUS,WorldCup,worldcup
CRO,CRODEN,ESPRUS,WorldCup,worldcup
CRO,CRODEN,ESPRUS,WorldCup,worldcup
CRO,CRODEN,DEN,WorldCup,worldcup
CRO,CRODEN,DEN,WorldCup,worldcup
CRO,CRODEN,ESPRUS,WorldCup,worldcup
CRO,CRODEN,ESPRUS,WorldCup,worldcup
CRO,ESPRUS,MOTM,WorldCup,worldcup
