WorldCup,ESPRUS,worldcup,ESP,CRODEN
WorldCup,worldcup,ESPRUS,RUS,FRA
WorldCup,worldcup,FRA,CRO,RUS
WorldCup,worldcup,CRO,RUS,FRA
WorldCup,worldcup,CRO,RUS,ESPRUS
WorldCup,worldcup,RUS,CRO,ESPRUS
WorldCup,worldcup,CRO,RUS,DEN
WorldCup,worldcup,CRO,RUS,DEN
WorldCup,worldcup,CRO,RUS,ESPRUS
WorldCup,worldcup,CRO,RUS,ESPRUS
WorldCup,worldcup,CRO,RUS,ESPRUS
WorldCup,worldcup,CRO,RUS,ESPRUS
WorldCup,worldcup,CRO,ESPRUS,RUS
WorldCup,worldcup,CRO,ESPRUS,RUS
WorldCup,worldcup,CRO,ESPRUS,RUS
WorldCup,worldcup,CRO,ESPRUS,RUS
WorldCup,worldcup,CRO,ESPRUS,RUS
WorldCup,worldcup,CRO,ESPRUS,RUS
WorldCup,worldcup,CRO,ESPRUS,RUS
WorldCup,worldcup,CRO,ESPRUS,DEN
WorldCup,worldcup,CRO,ESPRUS,DEN
WorldCup,worldcup,CRO,ESPRUS,DEN
WorldCup,worldcup,CRO,ESPRUS,DEN
WorldCup,worldcup,CRO,ESPRUS,DEN
WorldCup,worldcup,CRO,ESPRUS,DEN
