WorldCup,worldcup,ESPRUS,WorldCup,WorldCup,Cristiano,Ronaldo,Messi,CRODEN,WorldCup
WorldCup,worldcup,ESPRUS,WorldCup,WorldCup,Cristiano,Ronaldo,Messi,Escort,CostaRica,worldcup,Rusia2018,FRA,URU,RUS,DEN,CRO,BRA,MEX,JPN,BEL,news,video,Bitcoin,Travel,DatingService,Relationships,SugarDaddy,SugarBaby,SugarBabies,Matchmaking,Love
WorldCup,Escort,CostaRica,worldcup,Rusia2018,FRA,URU,RUS,DEN,CRO,BRA,MEX,JPN,BEL,news,video,Bitcoin,Travel,DatingService,Relationships,SugarDaddy,SugarBaby,SugarBabies,Matchmaking,Love,worldcup,WorldCup,Cristiano,Ronaldo,Messi,ESPRUS,WorldCup
WorldCup,Escort,CostaRica,worldcup,Rusia2018,FRA,URU,RUS,DEN,CRO,BRA,MEX,JPN,BEL,news,video,Bitcoin,Travel,DatingService,Relationships,SugarDaddy,SugarBaby,SugarBabies,Matchmaking,Love,worldcup,ESPRUS,WorldCup,WorldCup,Cristiano,Ronaldo,Messi
WorldCup,worldcup,Escort,CostaRica,worldcup,Rusia2018,FRA,URU,RUS,DEN,CRO,BRA,MEX,JPN,BEL,news,video,Bitcoin,Travel,DatingService,Relationships,SugarDaddy,SugarBaby,SugarBabies,Matchmaking,Love,ESPRUS,WorldCup,WorldCup,Cristiano,Ronaldo,Messi
WorldCup,worldcup,NadaNosDetiene,WorldCup,WorldCup,Cristiano,Ronaldo,Messi,ESPRUS,WorldCup
WorldCup,Escort,CostaRica,worldcup,Rusia2018,FRA,URU,RUS,DEN,CRO,BRA,MEX,JPN,BEL,news,video,Bitcoin,Travel,DatingService,Relationships,SugarDaddy,SugarBaby,SugarBabies,Matchmaking,Love,worldcup,ESPRUS,WorldCup,NadaNosDetiene,WorldCup
WorldCup,Escort,CostaRica,worldcup,Rusia2018,FRA,URU,RUS,DEN,CRO,BRA,MEX,JPN,BEL,news,video,Bitcoin,Travel,DatingService,Relationships,SugarDaddy,SugarBaby,SugarBabies,Matchmaking,Love,ESPRUS,WorldCup,worldcup,WorldCup,Cristiano,Ronaldo,Messi
WorldCup,Escort,CostaRica,worldcup,Rusia2018,FRA,URU,RUS,DEN,CRO,BRA,MEX,JPN,BEL,news,video,Bitcoin,Travel,DatingService,Relationships,SugarDaddy,SugarBaby,SugarBabies,Matchmaking,Love,ESPRUS,WorldCup,NadaNosDetiene,WorldCup,WorldCup,Cristiano,Ronaldo,Messi
WorldCup,NadaNosDetiene,WorldCup,ESPRUS,WorldCup,worldcup,WorldCup,Cristiano,Ronaldo,Messi
WorldCup,worldcup,NadaNosDetiene,WorldCup,WorldCup,Cristiano,Ronaldo,Messi,CRO,WorldCup
WorldCup,worldcup,WorldCup,Cristiano,Ronaldo,Messi,NadaNosDetiene,WorldCup,FRAARG,WorldCup
WorldCup,worldcup,WorldCup,history,WorldCup,Cristiano,Ronaldo,Messi,FRA,FRAARG,WorldCup
WorldCup,worldcup,FRAARG,WorldCup,ESPRUS,WorldCup,FRA,FRAARG,WorldCup
WorldCup,ESPRUS,WorldCup,FRAARG,WorldCup,worldcup,FRA,FRAARG,WorldCup
WorldCup,worldcup,ESPRUS,WorldCup,FRAARG,WorldCup,MOTM,WorldCup
WorldCup,worldcup,MOTM,WorldCup,FRAARG,WorldCup,CRO,DEN,WorldCup
WorldCup,ESPRUS,WorldCup,worldcup,MOTM,WorldCup,WorldCup,Cristiano,Ronaldo,Messi
WorldCup,worldcup,ESPRUS,WorldCup,WorldCup,Cristiano,Ronaldo,Messi,CRO,WorldCup
WorldCup,MOTM,WorldCup,worldcup,WorldCup,football,WorldCup,Cristiano,Ronaldo,Messi
WorldCup,MOTM,WorldCup,WorldCup,football,ESPRUS,WorldCup,worldcup
