WorldCup,ESPRUS,worldcup,ESP,CRO
WorldCup,worldcup,FRA,RUS,CRO
WorldCup,worldcup,CRO,FRA,RUS
WorldCup,worldcup,CRO,RUS,DEN
WorldCup,worldcup,ESPRUS,RUS,ESP
WorldCup,worldcup,ESPRUS,RUS,CRO
WorldCup,worldcup,DEN,CRO,RUS
WorldCup,DEN,CRO,worldcup,RUS
WorldCup,CRO,ESPRUS,ESP,worldcup
WorldCup,worldcup,CRO,ESP,ESPRUS
WorldCup,worldcup,CRO,ESP,ESPRUS
WorldCup,worldcup,ESPRUS,ESP,CRO
WorldCup,CRO,ESPRUS,ESP,worldcup
WorldCup,CRO,ESPRUS,CRODEN,DEN
WorldCup,CRO,ESPRUS,worldcup,CRODEN
WorldCup,CRO,ESPRUS,worldcup,CRODEN
WorldCup,CRO,worldcup,CRODEN,DEN
WorldCup,CRO,CRODEN,worldcup,DEN
WorldCup,CRODEN,CRO,worldcup,ESPRUS
WorldCup,CRO,CRODEN,worldcup,ESPRUS
WorldCup,CRO,ESPRUS,worldcup,ESP
