WorldCup,worldcup,ESP,ESPRUS,FRA
WorldCup,FRA,Escort,worldcup,CRO
WorldCup,Escort,worldcup,ESPRUS,ESP
WorldCup,worldcup,ESPRUS,Escort,CRO
WorldCup,worldcup,Escort,ESPRUS,NadaNosDetiene
WorldCup,worldcup,FRA,ESP,NadaNosDetiene
WorldCup,Escort,ESPRUS,worldcup,FRA
WorldCup,Escort,ESPRUS,worldcup,DEN
WorldCup,ESPRUS,NadaNosDetiene,worldcup,CRO
WorldCup,ESP,NadaNosDetiene,worldcup,CRO
WorldCup,worldcup,CRO,NadaNosDetiene,FRA
WorldCup,worldcup,CRO,Russia,FRA
WorldCup,worldcup,ESP,FRA,CRO
WorldCup,CRO,ESPRUS,FRAARG,FRA
WorldCup,ESPRUS,CRO,ESP,worldcup
WorldCup,CRO,worldcup,FRA,FRAARG
WorldCup,CRO,worldcup,MOTM,ESPRUS
WorldCup,ESPRUS,CRO,worldcup,FRA
WorldCup,worldcup,CRO,MOTM,ESP
WorldCup,MOTM,CRO,ESPRUS,worldcup





