WorldCup,ESPRUS,FRA,ESP,CRODEN
WorldCup,FRA,Escort,CRO,ESPRUS
WorldCup,Escort,ESPRUS,FRA,ESP
WorldCup,ESPRUS,Escort,CRO,FRA
WorldCup,Escort,ESPRUS,NadaNosDetiene,CRODEN
WorldCup,FRA,ESP,NadaNosDetiene,ESPRUS
WorldCup,Escort,ESPRUS,FRA,CRO
WorldCup,Escort,ESPRUS,DEN,NadaNosDetiene
WorldCup,ESPRUS,NadaNosDetiene,ESP,CRO
WorldCup,NadaNosDetiene,ESP,CRO,ESPRUS
WorldCup,NadaNosDetiene,CRO,FRA,FRAARG
WorldCup,Russia,ESPRUS,GoalOfTheDay,CRO
WorldCup,ESP,ESPRUS,CRO,FRA
WorldCup,FRAARG,ESPRUS,CRO,CRODEN
WorldCup,ESPRUS,CRO,ESP,FRAARG
WorldCup,CRO,FRAARG,FRA,MOTM
WorldCup,CRO,MOTM,ESPRUS,RUS
WorldCup,ESPRUS,CRO,FRA,CRODEN
WorldCup,CRO,MOTM,ESP,CRODEN
WorldCup,MOTM,ESPRUS,CRO,FRA
