WorldCup,worldcup,ESPRUS,WorldCup,WorldCup,Cristiano,Ronaldo,Messi,CRODEN,WorldCup
WorldCup,worldcup,Escort,CostaRica,worldcup,Rusia2018,FRA,URU,RUS,DEN,CRO,BRA,MEX,JPN,BEL,news,video,Bitcoin,Travel,DatingService,Relationships,SugarDaddy,SugarBaby,SugarBabies,Matchmaking,Love,WorldCup,Cristiano,Ronaldo,Messi,ESPRUS,WorldCup
WorldCup,Escort,CostaRica,worldcup,Rusia2018,FRA,URU,RUS,DEN,CRO,BRA,MEX,JPN,BEL,news,video,Bitcoin,Travel,DatingService,Relationships,SugarDaddy,SugarBaby,SugarBabies,Matchmaking,Love,worldcup,ESPRUS,WorldCup,WorldCup,Cristiano,Ronaldo,Messi
WorldCup,worldcup,ESPRUS,WorldCup,Escort,CostaRica,worldcup,Rusia2018,FRA,URU,RUS,DEN,CRO,BRA,MEX,JPN,BEL,news,video,Bitcoin,Travel,DatingService,Relationships,SugarDaddy,SugarBaby,SugarBabies,Matchmaking,Love,WorldCup,Cristiano,Ronaldo,Messi
WorldCup,Escort,CostaRica,worldcup,Rusia2018,FRA,URU,RUS,DEN,CRO,BRA,MEX,JPN,BEL,news,video,Bitcoin,Travel,DatingService,Relationships,SugarDaddy,SugarBaby,SugarBabies,Matchmaking,Love,worldcup,NadaNosDetiene,WorldCup,WorldCup,Cristiano,Ronaldo,Messi
WorldCup,worldcup,NadaNosDetiene,WorldCup,WorldCup,Cristiano,Ronaldo,Messi,ESPRUS,WorldCup
WorldCup,Escort,CostaRica,worldcup,Rusia2018,FRA,URU,RUS,DEN,CRO,BRA,MEX,JPN,BEL,news,video,Bitcoin,Travel,DatingService,Relationships,SugarDaddy,SugarBaby,SugarBabies,Matchmaking,Love,ESPRUS,WorldCup,worldcup,SPARUS,ESPRUS,WorldCup,worldcup2018,Worldcup2018Russia
WorldCup,Escort,CostaRica,worldcup,Rusia2018,FRA,URU,RUS,DEN,CRO,BRA,MEX,JPN,BEL,news,video,Bitcoin,Travel,DatingService,Relationships,SugarDaddy,SugarBaby,SugarBabies,Matchmaking,Love,WorldCup,Cristiano,Ronaldo,Messi,ESPRUS,WorldCup,worldcup
WorldCup,ESPRUS,WorldCup,NadaNosDetiene,WorldCup,worldcup,WorldCup,Cristiano,Ronaldo,Messi
WorldCup,NadaNosDetiene,WorldCup,ESPRUS,WorldCup,worldcup,CRO,WorldCup
WorldCup,worldcup,NadaNosDetiene,WorldCup,WorldCup,Cristiano,Ronaldo,Messi,WorldCup,worldcup2018
WorldCup,worldcup,WorldCup,Cristiano,Ronaldo,Messi,WorldCup,history,GoalOfTheDay,LongestGoal
WorldCup,worldcup,WorldCup,history,FRA,FRAARG,WorldCup,FRAARG,WorldCup
WorldCup,ESPRUS,WorldCup,FRAARG,WorldCup,FRA,FRAARG,WorldCup,worldcup
WorldCup,ESPRUS,WorldCup,worldcup,CRO,WorldCup,FRAARG,WorldCup
WorldCup,worldcup,FRAARG,WorldCup,CRO,CRO,DEN,WorldCup
WorldCup,MOTM,WorldCup,worldcup,ESPRUS,WorldCup,WorldCup,Cristiano,Ronaldo,Messi
WorldCup,ESPRUS,WorldCup,WorldCup,CRO,BeProud,CRODEN,Family,Vatreni,worldcup,WorldCup,Cristiano,Ronaldo,Messi
WorldCup,worldcup,WorldCup,Cristiano,Ronaldo,Messi,WorldCup,football,MOTM,WorldCup
WorldCup,MOTM,WorldCup,WorldCup,football,ESPRUS,WorldCup,worldcup
