-------------------------------------------
Time: 2019-11-02 21:05:59
-------------------------------------------
1,01E+18;en;02-07-18 1:35;Twitter for Android;140;0;477;WorldCup,POR,ENG;Squawka Football;Squawka;Cayleb;Accra;861;828
1,01E+18;en;02-07-18 1:35;Twitter for Android;139;0;1031;WorldCup;FC Barcelona,Ivan Rakitic,HNS | CFF;FCBarcelona,ivanrakitic,HNS_CFF;Febri Aditya;Bogor;667;686
1,01E+18;en;02-07-18 1:35;Twitter for Android;140;0;477;WorldCup,POR,ENG;Squawka Football;Squawka;tar;;137;216
1,01E+18;en;02-07-18 1:35;Twitter Web Client;138;0;1;PowerByEXO,WorldCup,FIFAStadiumDJ,XiuminLeague;Frida Carrillo;FridaCarrillo05;STAN LEGENDS, STAN EXO;Lima, Peru;7;9
1,01E+18;en;02-07-18 1:35;Twitter for Android;86;0;1;WorldCup;Ella Laxa-Pangilinan;EllaPangilinanx;Alice;Bulacan, Central Luzon;34;315
1,01E+18;en;02-07-18 1:35;Twitter for Android;135;0;3817;worldcup;Simon Clancy;SiClancy;Goku;Barcelona;105;51
1,01E+18;en;02-07-18 1:35;Twitter for iPad;166;0;0;sportstalk,sportstalkradio,NBA,NHL,MLB,NFL,PGA,WORLDCUP;;;JSA;;1978;4288
1,01E+18;en;02-07-18 1:35;Twitter for iPad;140;0;7;;Ian Stafford;IanStaffs;SKS Media India;Mumbai, India;2147;2403
1,01E+18;en;02-07-18 1:35;Twitter for Android;88;0;17;CRODEN,WorldCup;DW Sports;dw_sports;miikii;Thailand;187;188
1,01E+18;en;02-07-18 1:35;Twitter Web Client;140;0;70;;Your Village People;Onyema_Donald;mattorazi;;85;137
...

-------------------------------------------
Time: 2019-11-02 21:05:59
-------------------------------------------
('WorldCup', 340)
('POR', 9)
('ENG', 12)
('PowerByEXO', 2)
('XiuminLeague', 1)
('worldcup', 25)
('NBA', 7)
('MLB', 6)
('PGA', 5)
('WORLDCUP', 5)
...

-------------------------------------------
Time: 2019-11-02 21:06:00
-------------------------------------------

-------------------------------------------
Time: 2019-11-02 21:06:00
-------------------------------------------

-------------------------------------------
Time: 2019-11-02 21:06:01
-------------------------------------------

-------------------------------------------
Time: 2019-11-02 21:06:01
-------------------------------------------

-------------------------------------------
Time: 2019-11-02 21:06:02
-------------------------------------------

-------------------------------------------
Time: 2019-11-02 21:06:02
-------------------------------------------

-------------------------------------------
Time: 2019-11-02 21:06:03
-------------------------------------------

-------------------------------------------
Time: 2019-11-02 21:06:03
-------------------------------------------

-------------------------------------------
Time: 2019-11-02 21:06:04
-------------------------------------------

-------------------------------------------
Time: 2019-11-02 21:06:04
-------------------------------------------

-------------------------------------------
Time: 2019-11-02 21:06:05
-------------------------------------------
1,01E+18;en;02-07-18 1:25;IFTTT;238;0;0;WC2018,Last16,WorldCup,Russia2018,Rusia2018,RUSCRO,RUS,CRO,Russia,Croatia,Last8,FCAzkert;;;F.C. Azkert;;1;14
1,01E+18;en;02-07-18 1:25;IFTTT;299;0;0;POR,WorldCup,ENG;;;F.C. Azkert;;1;14
1,01E+18;en;02-07-18 1:25;Twitter for iPhone;86;0;852;WorldCup;8bit-Football.com;8bitfootball;José Angel Sierra;;243;847
1,01E+18;en;02-07-18 1:25;Twitter for Android;80;0;5344;WorldCup;B/R Football;brfootball;Weirdo;;0;22
1,01E+18;en;02-07-18 1:25;Twitter for iPhone;86;0;28;WorldCup;Sporting News;sportingnews;Daweeeed;;673;897
1,01E+18;en;02-07-18 1:25;Twitter for Android;57;0;388;CRO,WorldCup;Stipe Miocic;stipemiocic;shaqs;;2615;955
1,01E+18;en;02-07-18 1:25;Twitter for iPhone;140;0;254;WorldCup;OptaJohan;OptaJohan;T;Arizona, USA;331;284
1,01E+18;en;02-07-18 1:25;Twitter for iPhone;140;0;388;WorldCup,FIFAWorldCup2018,GER,ARG,ESP;Mohandas Menon;mohanstatsman;Pranav Patel;Surat, India;943;936
1,01E+18;en;02-07-18 1:25;Twitter for iPhone;66;0;9728;WorldCup;Troll Football;TrollFootball;Lucidious;Liverpool, England;138;84
1,01E+18;en;02-07-18 1:25;Twitter Web Client;86;0;852;WorldCup;8bit-Football.com;8bitfootball;Vera;Venezuela - Colombia;796;255
...

-------------------------------------------
Time: 2019-11-02 21:06:05
-------------------------------------------
('Last16', 1)
('WorldCup', 320)
('Russia2018', 2)
('Rusia2018', 17)
('CRO', 35)
('Last8', 1)
('POR', 21)
('ENG', 4)
('GER', 4)
('ARG', 24)
...

-------------------------------------------
Time: 2019-11-02 21:06:06
-------------------------------------------

-------------------------------------------
Time: 2019-11-02 21:06:06
-------------------------------------------

-------------------------------------------
Time: 2019-11-02 21:06:07
-------------------------------------------

-------------------------------------------
Time: 2019-11-02 21:06:07
-------------------------------------------

-------------------------------------------
Time: 2019-11-02 21:06:08
-------------------------------------------

-------------------------------------------
Time: 2019-11-02 21:06:08
-------------------------------------------

-------------------------------------------
Time: 2019-11-02 21:06:09
-------------------------------------------

-------------------------------------------
Time: 2019-11-02 21:06:09
-------------------------------------------

-------------------------------------------
Time: 2019-11-02 21:06:10
-------------------------------------------

-------------------------------------------
Time: 2019-11-02 21:06:10
-------------------------------------------

-------------------------------------------
Time: 2019-11-02 21:06:11
-------------------------------------------
1,01E+18;en;02-07-18 1:16;Twitter for iPhone;140;0;445;WorldCup;Tim Howard,Coca-Cola,McDonald's;TimHowardGK,CocaCola,McDonalds;Kew;;43;167
1,01E+18;en;02-07-18 1:16;Twitter for iPhone;140;0;445;WorldCup;Tim Howard,Coca-Cola,McDonald's;TimHowardGK,CocaCola,McDonalds;Alok Tiwari;India;1204;393
1,01E+18;en;02-07-18 1:16;Twitter for iPhone;86;0;852;WorldCup;8bit-Football.com;8bitfootball;Mas iyan;;200;221
1,01E+18;en;02-07-18 1:16;Twitter for iPhone;115;0;6402;SPARUS,ESPRUS,WorldCup,worldcup2018,Worldcup2018Russia;Kenny Munro;kennymunro;Spencer;Boston, MA;135;448
1,01E+18;en;02-07-18 1:16;Twitter for iPhone;140;0;1274;WorldCup;Sam Matterface;sammatterface;Kris O'Neill;Hull, England;256;1088
1,01E+18;en;02-07-18 1:16;Twitter for Android;159;0;0;SpainVsRussia,ESPRUS,WorldCup,FIFA,WorldCup2018,Russia;;;Yustinus Eko;Jakarta, Indonesia;101;218
1,01E+18;en;02-07-18 1:16;Twitter for iPhone;116;1;0;WorldCup,BRAMEX;;;Tristan Redman;Paris;4874;1888
1,01E+18;en;02-07-18 1:16;Twitter for Android;106;0;0;WorldCup,ESPRUS;;;Captain Marvellous;;1978;156
1,01E+18;en;02-07-18 1:16;Twitter for iPhone;96;0;162;WorldCup;Bilal B.,ChristianVieri;JuveBillz,vieri_bobo;Anthony Zucco;Toronto, ON;288;230
1,01E+18;en;02-07-18 1:16;Twitter for iPhone;125;0;94;WorldCup,ElTriEng;Fut Mex Nation,Oprah Winfrey;FutMexNation,Oprah;Jorge;;64;144
...

-------------------------------------------
Time: 2019-11-02 21:06:11
-------------------------------------------
('WorldCup', 346)
('ESPRUS', 22)
('WorldCup2018', 7)
('BRAMEX', 2)
('', 82)
('CinderellaStories', 2)
('CRODEN', 20)
('Lebron', 3)
('trending', 3)
('Mexico', 4)
...

-------------------------------------------
Time: 2019-11-02 21:06:12
-------------------------------------------

-------------------------------------------
Time: 2019-11-02 21:06:12
-------------------------------------------

-------------------------------------------
Time: 2019-11-02 21:06:13
-------------------------------------------

-------------------------------------------
Time: 2019-11-02 21:06:13
-------------------------------------------

-------------------------------------------
Time: 2019-11-02 21:06:14
-------------------------------------------

-------------------------------------------
Time: 2019-11-02 21:06:14
-------------------------------------------

-------------------------------------------
Time: 2019-11-02 21:06:15
-------------------------------------------

-------------------------------------------
Time: 2019-11-02 21:06:15
-------------------------------------------

-------------------------------------------
Time: 2019-11-02 21:06:16
-------------------------------------------

-------------------------------------------
Time: 2019-11-02 21:06:16
-------------------------------------------

-------------------------------------------
Time: 2019-11-02 21:06:17
-------------------------------------------
1,01E+18;en;02-07-18 1:07;Twitter Ads Composer;273;0;0;Escort,CostaRica,worldcup,Rusia2018,FRA,URU,RUS,DEN,CRO,BRA,MEX,JPN,BEL,news,video,Bitcoin,Travel,DatingService,Relationships,SugarDaddy,SugarBaby,SugarBabies,Matchmaking,Love;;;Costa Rica Escorts;San José, Costa Rica;2082;664
1,01E+18;en;02-07-18 1:07;Twitter for iPhone;96;0;162;WorldCup;Bilal B.,ChristianVieri;JuveBillz,vieri_bobo;Waleed T. Alahmadi;Malibu, CA;144;211
1,01E+18;en;02-07-18 1:07;Twitter for iPhone;140;0;1656;ESPRUS,WorldCup;FC Zenit in English;fczenit_en;Christian;Adelaide, South Australia;210;194
1,01E+18;en;02-07-18 1:07;Twitter for iPhone;140;0;193;WorldCup;The Voice of America;VOANews;IG:Yungroi;Mars;1590;1963
1,01E+18;en;02-07-18 1:07;Twitter for Android;93;0;65;WorldCup;Isiah Whitlock Jr.;IsiahWhitlockJr;Aaron Brodovcky;;75;640
1,01E+18;en;02-07-18 1:07;Twitter for iPhone;132;0;876;WorldCup;Ian Doyle;IanDoyleSport;ForzaCalcio;;29;194
1,01E+18;en;02-07-18 1:07;Twitter for iPhone;139;0;648;;Mexican National Team,Oprah Winfrey;miseleccionmxEN,Oprah;Juan M Rayas;silicon valley y salinas ;225;724
1,01E+18;en;02-07-18 1:07;Twitter Ads Composer;273;0;0;Escort,CostaRica,worldcup,Rusia2018,FRA,URU,RUS,DEN,CRO,BRA,MEX,JPN,BEL,news,video,Bitcoin,Travel,DatingService,Relationships,SugarDaddy,SugarBaby,SugarBabies,Matchmaking,Love;;;Costa Rica Escorts;San José, Costa Rica;2082;664
1,01E+18;en;02-07-18 1:07;Twitter for iPhone;140;0;4;WorldCup;FOX Sports PR;FOXSportsPR;Richie P;Pittsburgh, PA;596;3724
1,01E+18;en;02-07-18 1:07;Twitter for iPhone;127;0;17990;FRA,FRAARG,WorldCup;Zach Townsend;fussballerisch;Reyecu;;15;51
...

-------------------------------------------
Time: 2019-11-02 21:06:17
-------------------------------------------
('Escort', 15)
('CostaRica', 15)
('worldcup', 41)
('Rusia2018', 18)
('DEN', 28)
('CRO', 32)
('news', 15)
('Bitcoin', 15)
('DatingService', 15)
('Relationships', 15)
...

-------------------------------------------
Time: 2019-11-02 21:06:18
-------------------------------------------

-------------------------------------------
Time: 2019-11-02 21:06:18
-------------------------------------------

-------------------------------------------
Time: 2019-11-02 21:06:19
-------------------------------------------

-------------------------------------------
Time: 2019-11-02 21:06:19
-------------------------------------------

-------------------------------------------
Time: 2019-11-02 21:06:20
-------------------------------------------

-------------------------------------------
Time: 2019-11-02 21:06:20
-------------------------------------------

-------------------------------------------
Time: 2019-11-02 21:06:21
-------------------------------------------

-------------------------------------------
Time: 2019-11-02 21:06:21
-------------------------------------------

-------------------------------------------
Time: 2019-11-02 21:06:22
-------------------------------------------

-------------------------------------------
Time: 2019-11-02 21:06:22
-------------------------------------------

-------------------------------------------
Time: 2019-11-02 21:06:23
-------------------------------------------
1,01E+18;en;02-07-18 0:58;Twitter for iPhone;140;0;3;;Rahul Vitekar;rahulvitekar;Nag;Bengaluru, Karnataka;651;1124
1,01E+18;en;02-07-18 0:58;Twitter for iPhone;66;0;9731;WorldCup;Troll Football;TrollFootball;pik.;Johor Bahru, Johor;998;242
1,01E+18;en;02-07-18 0:58;Twitter Web Client;108;0;32;WorldCup,MEX;Juan Escalante;JuanSaaa;Vane Luna;Monterrey, Nuevo León;80;74
1,01E+18;en;02-07-18 0:58;Twitter for iPhone;66;0;9731;WorldCup;Troll Football;TrollFootball;Danial Alieff;Ampang;153;163
1,01E+18;en;02-07-18 0:58;Twitter for Android;138;0;763;WorldCup;Footy Jokes;Footy_JokesOG;Aditya A.M;Bogor, Indonesia;224;181
1,01E+18;en;02-07-18 0:58;Twitter for Android;78;0;1081;WorldCup;Bleacher Report;BleacherReport;Naufal Hafiyyan;;294;238
1,01E+18;en;02-07-18 0:58;Twitter for iPhone;124;0;2103;WorldCup,ESPRUS,ESP;Denizcan Grimes;MrFilmkritik;Maretha Aurely;Nice, France.;543;248
1,01E+18;en;02-07-18 0:58;Twitter for iPhone;104;0;281;ESPRUS,WorldCup;Pure Football;PureFootbaII;LaRue;;53;255
1,01E+18;en;02-07-18 0:58;Twitter for Android;115;0;290;WorldCup;Footy Jokes;Footy_JokesOG;Aditya A.M;Bogor, Indonesia;224;181
1,01E+18;en;02-07-18 0:58;Twitter for Android;95;0;790;ESP,WorldCup,RUS;Manchester United,David de Gea;ManUtd,D_DeGea;liliyan andre;jakarta;129;338
...

-------------------------------------------
Time: 2019-11-02 21:06:23
-------------------------------------------
('', 107)
('WorldCup', 328)
('ESPRUS', 31)
('WorldCup2018', 5)
('TSWorldCup', 1)
('NadaNosDetiene', 9)
('worldcup', 37)
('CRODEN', 13)
('Ronaldo', 10)
('DEN', 26)
...

