
WorldCup,worldcup,FRA,RUS,CRO
WorldCup,worldcup,FRA,CRO,RUS
WorldCup,worldcup,CRO,RUS,FRA
WorldCup,worldcup,CRO,RUS,ESPRUS
WorldCup,worldcup,ESPRUS,RUS,CRO
WorldCup,worldcup,ESPRUS,RUS,CRO
WorldCup,worldcup,CRO,DEN,RUS
WorldCup,worldcup,CRO,DEN,RUS
WorldCup,CRO,worldcup,ESPRUS,RUS
WorldCup,worldcup,CRO,ESP,ESPRUS
WorldCup,worldcup,CRO,ESP,ESPRUS
WorldCup,worldcup,CRO,ESPRUS,ESP
WorldCup,CRO,ESPRUS,ESP,CRODEN
WorldCup,CRO,ESPRUS,CRODEN,worldcup
WorldCup,CRO,ESPRUS,worldcup,CRODEN
WorldCup,CRO,worldcup,CRODEN,ESPRUS
WorldCup,CRO,CRODEN,worldcup,DEN
WorldCup,CRO,CRODEN,worldcup,ESPRUS
WorldCup,CRO,CRODEN,worldcup,ESPRUS
WorldCup,CRO,worldcup,ESPRUS,CRODEN
WorldCup,CRO,ESPRUS,worldcup,MOTM



