----------=========- 2019-11-02 03:03:51 -=========----------
+--------+------------+
| hashtag|no_of_tweets|
+--------+------------+
|WorldCup|         340|
|  ESPRUS|          26|
|worldcup|          25|
|     ESP|          25|
|  CRODEN|          20|
+--------+------------+

----------=========- 2019-11-02 03:03:52 -=========----------
+--------+------------+
| hashtag|no_of_tweets|
+--------+------------+
|WorldCup|         320|
|     FRA|          47|
|worldcup|          42|
|     CRO|          35|
|     RUS|          35|
+--------+------------+

----------=========- 2019-11-02 03:03:53 -=========----------
+--------+------------+
| hashtag|no_of_tweets|
+--------+------------+
|WorldCup|         346|
|worldcup|          49|
|     CRO|          38|
|     RUS|          32|
|     DEN|          32|
+--------+------------+

----------=========- 2019-11-02 03:03:54 -=========----------
+--------+------------+
| hashtag|no_of_tweets|
+--------+------------+
|WorldCup|         348|
|worldcup|          41|
|  ESPRUS|          33|
|     CRO|          32|
|     DEN|          28|
+--------+------------+

----------=========- 2019-11-02 03:03:55 -=========----------
+--------+------------+
| hashtag|no_of_tweets|
+--------+------------+
|WorldCup|         328|
|worldcup|          37|
|     RUS|          34|
|  ESPRUS|          31|
|     CRO|          27|
+--------+------------+

----------=========- 2019-11-02 03:03:56 -=========----------
+--------+------------+
| hashtag|no_of_tweets|
+--------+------------+
|WorldCup|         361|
|worldcup|          30|
|  ESPRUS|          26|
|     ESP|          25|
|  CRODEN|          18|
+--------+------------+

----------=========- 2019-11-02 03:03:57 -=========----------
+--------+------------+
| hashtag|no_of_tweets|
+--------+------------+
|WorldCup|         339|
|worldcup|          45|
|     RUS|          39|
|     CRO|          38|
|     DEN|          38|
+--------+------------+

----------=========- 2019-11-02 03:03:58 -=========----------
+--------+------------+
| hashtag|no_of_tweets|
+--------+------------+
|WorldCup|         336|
|     DEN|          49|
|worldcup|          47|
|     CRO|          47|
|     RUS|          38|
+--------+------------+

----------=========- 2019-11-02 03:03:59 -=========----------
+--------+------------+
| hashtag|no_of_tweets|
+--------+------------+
|WorldCup|         376|
|  ESPRUS|          22|
|     CRO|          22|
|     ESP|          18|
|worldcup|          17|
+--------+------------+

----------=========- 2019-11-02 03:04:00 -=========----------
Error: <class 'py4j.protocol.Py4JJavaError'>
