-------------------------------------------
Time: 2019-11-01 10:26:55
-------------------------------------------
('WorldCup', 340)
('POR', 9)
('ENG', 12)
('PowerByEXO', 2)
('XiuminLeague', 1)
('worldcup', 25)
('NBA', 7)
('MLB', 6)
('PGA', 5)
('WORLDCUP', 5)
...

-------------------------------------------
Time: 2019-11-01 10:26:56
-------------------------------------------
('WorldCup', 660)
('POR', 30)
('ENG', 16)
('PowerByEXO', 3)
('XiuminLeague', 1)
('worldcup', 67)
('NBA', 7)
('MLB', 6)
('PGA', 5)
('WORLDCUP', 5)
...

-------------------------------------------
Time: 2019-11-01 10:26:57
-------------------------------------------
('Last16', 1)
('WorldCup', 666)
('Russia2018', 4)
('Rusia2018', 38)
('CRO', 73)
('Last8', 1)
('POR', 26)
('ENG', 10)
('GER', 7)
('ARG', 27)
...

-------------------------------------------
Time: 2019-11-01 10:26:58
-------------------------------------------
('WorldCup', 694)
('ESPRUS', 55)
('WorldCup2018', 14)
('BRAMEX', 2)
('', 159)
('CinderellaStories', 3)
('CRODEN', 31)
('Lebron', 4)
('trending', 3)
('Mexico', 9)
...

-------------------------------------------
Time: 2019-11-01 10:26:59
-------------------------------------------
('Escort', 28)
('CostaRica', 28)
('worldcup', 78)
('Rusia2018', 32)
('DEN', 54)
('CRO', 59)
('news', 27)
('Bitcoin', 27)
('DatingService', 27)
('Relationships', 27)
...

-------------------------------------------
Time: 2019-11-01 10:27:00
-------------------------------------------
('', 194)
('WorldCup', 689)
('ESPRUS', 57)
('WorldCup2018', 7)
('TSWorldCup', 1)
('NadaNosDetiene', 19)
('worldcup', 67)
('CRODEN', 31)
('Ronaldo', 18)
('DEN', 38)
...

-------------------------------------------
Time: 2019-11-01 10:27:01
-------------------------------------------
('ESPRUS', 56)
('REDTOGETHER', 7)
('WorldCup', 700)
('CRO', 52)
('BeProud', 17)
('CRODEN', 33)
('Family', 16)
('Vatreni', 15)
('Denmark', 13)
('', 174)
...

-------------------------------------------
Time: 2019-11-01 10:27:02
-------------------------------------------
('WorldCup', 675)
('', 173)
('UCL', 7)
('worldcup', 92)
('CRO', 85)
('BeProud', 16)
('CRODEN', 42)
('Family', 16)
('Vatreni', 15)
('DEN', 87)
...

-------------------------------------------
Time: 2019-11-01 10:27:03
-------------------------------------------
('WorldCup', 712)
('worldcup', 64)
('Mufc', 8)
('', 172)
('HalfJoking', 1)
('ButKindOfSerious', 1)
('LFC', 1)
('ESPRUS', 47)
('DEN', 63)
('Ronaldo', 22)
...

-------------------------------------------
Time: 2019-11-01 10:27:04
-------------------------------------------
('WorldCup', 723)
('CRO', 48)
('DEN', 24)
('CRODEN', 31)
('Vatreni', 5)
('BeProud', 4)
('ESPRUS', 48)
('Esp', 8)
('Rus', 8)
('Den', 12)
...

-------------------------------------------
Time: 2019-11-01 10:27:05
-------------------------------------------
('', 203)
('CRO', 50)
('WorldCup', 694)
('URUPOR', 5)
('Iniesta', 2)
('CRODEN', 31)
('ESPRUS', 36)
('worldcup', 57)
('MOTM', 6)
('ForDanmark', 1)
...

-------------------------------------------
Time: 2019-11-01 10:27:06
-------------------------------------------
('ENG', 12)
('ThreeLions', 4)
('WorldCup', 696)
('', 200)
('penalty', 2)
('quarterfinal', 1)
('tournament', 1)
('worldcup', 65)
('france', 2)
('makeupbeginner', 2)
...

-------------------------------------------
Time: 2019-11-01 10:27:07
-------------------------------------------
('Argentina', 1)
('France', 3)
('WorldCup', 739)
('worldcup', 51)
('Drita', 1)
('TreFiori', 1)
('DisgustingHypocrites', 1)
('dontforgetaboutus', 1)
('fbf', 1)
('IMMIGRANTS', 2)
...

-------------------------------------------
Time: 2019-11-01 10:27:08
-------------------------------------------
('WorldCup', 743)
('BREAKING', 2)
('ESPRUS', 47)
('GER', 3)
('ARG', 10)
('POR', 12)
('ENG', 7)
('Denmark', 9)
('CRO', 48)
('DEN', 35)
...

-------------------------------------------
Time: 2019-11-01 10:27:09
-------------------------------------------
('WorldCup', 721)
('NorthernIreland', 2)
('', 188)
('CRODEN', 40)
('BRAMEX', 2)
('CRO', 54)
('BeProud', 12)
('Family', 11)
('Vatreni', 11)
('ESPRUS', 49)
...

-------------------------------------------
Time: 2019-11-01 10:27:10
-------------------------------------------
('', 167)
('Worldcup', 5)
('beljpn', 1)
('WorldCup', 742)
('ESPRUS', 43)
('CRO', 59)
('FIFA18', 1)
('match', 1)
('bettingexpert', 1)
('scommesse', 1)
...

-------------------------------------------
Time: 2019-11-01 10:27:11
-------------------------------------------
('', 138)
('WorldCup', 754)
('ForcaPortugal', 1)
('EuropeanChampions', 1)
('CRO', 75)
('worldcup', 53)
('Rus', 1)
('Esp', 1)
('wc18gr', 2)
('CRODEN', 49)
...

-------------------------------------------
Time: 2019-11-01 10:27:12
-------------------------------------------
('WorldCup', 767)
('ESPRUS', 45)
('', 133)
('DEN', 52)
('CFC', 1)
('ENG', 19)
('CRO', 77)
('tag', 1)
('movie', 1)
('cinema', 1)
...

-------------------------------------------
Time: 2019-11-01 10:27:13
-------------------------------------------
('WorldCup', 765)
('WORLDCUP', 3)
('croden', 2)
('worldcup', 53)
('cro', 3)
('Denmark', 7)
('Worldcup', 10)
('Russia2018', 7)
('Rusia2018', 5)
('Dinamarca', 3)
...

-------------------------------------------
Time: 2019-11-01 10:27:14
-------------------------------------------
('WorldCup', 762)
('Ronaldo', 20)
('', 137)
('Worldcup', 11)
('Mufc', 5)
('INDIGENOUS', 1)
('UN', 1)
('Australia', 1)
('Strasbourgh', 1)
('Ger', 1)
...

-------------------------------------------
Time: 2019-11-01 10:27:15
-------------------------------------------
('WorldCup', 384)
('', 69)
('football', 16)
('MOTM', 18)
('CRO', 24)
('DEN', 16)
('worldcup', 19)
('CRODEN', 17)
('DenmarkCroatia', 1)
('Denmark', 1)
...

-------------------------------------------
Time: 2019-11-01 10:27:16
-------------------------------------------

-------------------------------------------
Time: 2019-11-01 10:27:17
-------------------------------------------

-------------------------------------------
Time: 2019-11-01 10:27:18
-------------------------------------------

-------------------------------------------
Time: 2019-11-01 10:27:19
-------------------------------------------

